This file contains any messages produced by compilers while
running configure, to aid debugging if configure makes a mistake.

It was created by tesseract configure 3.01, which was
generated by GNU Autoconf 2.68.  Invocation command line was

  $ ./configure --host= --build= --prefix=/usr --mandir=${prefix}/share/man --infodir=${prefix}/share/info CFLAGS=-Wall -g -fPIC -DTESSDATA_PREFIX=/usr/share/tesseract-ocr/ CXXFLAGS=-Wall -g -fPIC -DTESSDATA_PREFIX=/usr/share/tesseract-ocr/ LDFLAGS=-Wl,-z,defs

## --------- ##
## Platform. ##
## --------- ##

hostname = eli-aomc
uname -m = x86_64
uname -r = 3.0.0-16-generic
uname -s = Linux
uname -v = #28-Ubuntu SMP Fri Jan 27 17:44:39 UTC 2012

/usr/bin/uname -p = unknown
/bin/uname -X     = unknown

/bin/arch              = unknown
/usr/bin/arch -k       = unknown
/usr/convex/getsysinfo = unknown
/usr/bin/hostinfo      = unknown
/bin/machine           = unknown
/usr/bin/oslevel       = unknown
/bin/universe          = unknown

PATH: /usr/local/bin
PATH: /usr/bin
PATH: /bin
PATH: /usr/games
PATH: /home/eli/.bin
PATH: /home/eli/android-sdks/tools


## ----------- ##
## Core tests. ##
## ----------- ##

configure:2583: checking build system type
configure:2597: result: x86_64-unknown-linux-gnu
configure:2617: checking host system type
configure:2630: result: x86_64-unknown-linux-gnu
configure:2729: checking --enable-graphics argument
configure:2738: result: yes
configure:2747: checking --enable-multiple-libraries argument
configure:2756: result: no
configure:2872: checking for cl.exe
configure:2902: result: no
configure:2872: checking for g++
configure:2888: found /usr/bin/g++
configure:2899: result: g++
configure:2926: checking for C++ compiler version
configure:2935: g++ --version >&5
g++ (Ubuntu/Linaro 4.6.1-9ubuntu3) 4.6.1
Copyright (C) 2011 Free Software Foundation, Inc.
This is free software; see the source for copying conditions.  There is NO
warranty; not even for MERCHANTABILITY or FITNESS FOR A PARTICULAR PURPOSE.

configure:2946: $? = 0
configure:2935: g++ -v >&5
Using built-in specs.
COLLECT_GCC=g++
COLLECT_LTO_WRAPPER=/usr/lib/gcc/x86_64-linux-gnu/4.6.1/lto-wrapper
Target: x86_64-linux-gnu
Configured with: ../src/configure -v --with-pkgversion='Ubuntu/Linaro 4.6.1-9ubuntu3' --with-bugurl=file:///usr/share/doc/gcc-4.6/README.Bugs --enable-languages=c,c++,fortran,objc,obj-c++,go --prefix=/usr --program-suffix=-4.6 --enable-shared --enable-linker-build-id --with-system-zlib --libexecdir=/usr/lib --without-included-gettext --enable-threads=posix --with-gxx-include-dir=/usr/include/c++/4.6 --libdir=/usr/lib --enable-nls --with-sysroot=/ --enable-clocale=gnu --enable-libstdcxx-debug --enable-libstdcxx-time=yes --enable-plugin --enable-objc-gc --disable-werror --with-arch-32=i686 --with-tune=generic --enable-checking=release --build=x86_64-linux-gnu --host=x86_64-linux-gnu --target=x86_64-linux-gnu
Thread model: posix
gcc version 4.6.1 (Ubuntu/Linaro 4.6.1-9ubuntu3) 
configure:2946: $? = 0
configure:2935: g++ -V >&5
g++: error: unrecognized option '-V'
g++: fatal error: no input files
compilation terminated.
configure:2946: $? = 4
configure:2935: g++ -qversion >&5
g++: error: unrecognized option '-qversion'
g++: fatal error: no input files
compilation terminated.
configure:2946: $? = 4
configure:2966: checking whether the C++ compiler works
configure:2988: g++ -Wall -g -fPIC -DTESSDATA_PREFIX=/usr/share/tesseract-ocr/  -Wl,-z,defs conftest.cpp  >&5
configure:2992: $? = 0
configure:3040: result: yes
configure:3043: checking for C++ compiler default output file name
configure:3045: result: a.out
configure:3051: checking for suffix of executables
configure:3058: g++ -o conftest -Wall -g -fPIC -DTESSDATA_PREFIX=/usr/share/tesseract-ocr/  -Wl,-z,defs conftest.cpp  >&5
configure:3062: $? = 0
configure:3084: result: 
configure:3106: checking whether we are cross compiling
configure:3114: g++ -o conftest -Wall -g -fPIC -DTESSDATA_PREFIX=/usr/share/tesseract-ocr/  -Wl,-z,defs conftest.cpp  >&5
configure:3118: $? = 0
configure:3125: ./conftest
configure:3129: $? = 0
configure:3144: result: no
configure:3149: checking for suffix of object files
configure:3171: g++ -c -Wall -g -fPIC -DTESSDATA_PREFIX=/usr/share/tesseract-ocr/  conftest.cpp >&5
configure:3175: $? = 0
configure:3196: result: o
configure:3200: checking whether we are using the GNU C++ compiler
configure:3219: g++ -c -Wall -g -fPIC -DTESSDATA_PREFIX=/usr/share/tesseract-ocr/  conftest.cpp >&5
configure:3219: $? = 0
configure:3228: result: yes
configure:3237: checking whether g++ accepts -g
configure:3257: g++ -c -g  conftest.cpp >&5
configure:3257: $? = 0
configure:3298: result: yes
configure:3370: checking how to print strings
configure:3397: result: printf
configure:3466: checking for gcc
configure:3482: found /usr/bin/gcc
configure:3493: result: gcc
configure:3722: checking for C compiler version
configure:3731: gcc --version >&5
gcc (Ubuntu/Linaro 4.6.1-9ubuntu3) 4.6.1
Copyright (C) 2011 Free Software Foundation, Inc.
This is free software; see the source for copying conditions.  There is NO
warranty; not even for MERCHANTABILITY or FITNESS FOR A PARTICULAR PURPOSE.

configure:3742: $? = 0
configure:3731: gcc -v >&5
Using built-in specs.
COLLECT_GCC=gcc
COLLECT_LTO_WRAPPER=/usr/lib/gcc/x86_64-linux-gnu/4.6.1/lto-wrapper
Target: x86_64-linux-gnu
Configured with: ../src/configure -v --with-pkgversion='Ubuntu/Linaro 4.6.1-9ubuntu3' --with-bugurl=file:///usr/share/doc/gcc-4.6/README.Bugs --enable-languages=c,c++,fortran,objc,obj-c++,go --prefix=/usr --program-suffix=-4.6 --enable-shared --enable-linker-build-id --with-system-zlib --libexecdir=/usr/lib --without-included-gettext --enable-threads=posix --with-gxx-include-dir=/usr/include/c++/4.6 --libdir=/usr/lib --enable-nls --with-sysroot=/ --enable-clocale=gnu --enable-libstdcxx-debug --enable-libstdcxx-time=yes --enable-plugin --enable-objc-gc --disable-werror --with-arch-32=i686 --with-tune=generic --enable-checking=release --build=x86_64-linux-gnu --host=x86_64-linux-gnu --target=x86_64-linux-gnu
Thread model: posix
gcc version 4.6.1 (Ubuntu/Linaro 4.6.1-9ubuntu3) 
configure:3742: $? = 0
configure:3731: gcc -V >&5
gcc: error: unrecognized option '-V'
gcc: fatal error: no input files
compilation terminated.
configure:3742: $? = 4
configure:3731: gcc -qversion >&5
gcc: error: unrecognized option '-qversion'
gcc: fatal error: no input files
compilation terminated.
configure:3742: $? = 4
configure:3746: checking whether we are using the GNU C compiler
configure:3765: gcc -c -Wall -g -fPIC -DTESSDATA_PREFIX=/usr/share/tesseract-ocr/  conftest.c >&5
configure:3765: $? = 0
configure:3774: result: yes
configure:3783: checking whether gcc accepts -g
configure:3803: gcc -c -g  conftest.c >&5
configure:3803: $? = 0
configure:3844: result: yes
configure:3861: checking for gcc option to accept ISO C89
configure:3925: gcc  -c -Wall -g -fPIC -DTESSDATA_PREFIX=/usr/share/tesseract-ocr/  conftest.c >&5
configure:3925: $? = 0
configure:3938: result: none needed
configure:3958: checking for a sed that does not truncate output
configure:4022: result: /bin/sed
configure:4040: checking for grep that handles long lines and -e
configure:4098: result: /bin/grep
configure:4103: checking for egrep
configure:4165: result: /bin/grep -E
configure:4170: checking for fgrep
configure:4232: result: /bin/grep -F
configure:4267: checking for ld used by gcc
configure:4334: result: /usr/bin/ld
configure:4341: checking if the linker (/usr/bin/ld) is GNU ld
configure:4356: result: yes
configure:4368: checking for BSD- or MS-compatible name lister (nm)
configure:4417: result: /usr/bin/nm -B
configure:4547: checking the name lister (/usr/bin/nm -B) interface
configure:4554: gcc -c -Wall -g -fPIC -DTESSDATA_PREFIX=/usr/share/tesseract-ocr/  conftest.c >&5
configure:4557: /usr/bin/nm -B "conftest.o"
configure:4560: output
0000000000000000 B some_variable
configure:4567: result: BSD nm
configure:4570: checking whether ln -s works
configure:4574: result: yes
configure:4582: checking the maximum length of command line arguments
configure:4707: result: 3458764513820540925
configure:4724: checking whether the shell understands some XSI constructs
configure:4734: result: yes
configure:4738: checking whether the shell understands "+="
configure:4744: result: yes
configure:4779: checking how to convert x86_64-unknown-linux-gnu file names to x86_64-unknown-linux-gnu format
configure:4819: result: func_convert_file_noop
configure:4826: checking how to convert x86_64-unknown-linux-gnu file names to toolchain format
configure:4846: result: func_convert_file_noop
configure:4853: checking for /usr/bin/ld option to reload object files
configure:4860: result: -r
configure:4934: checking for objdump
configure:4950: found /usr/bin/objdump
configure:4961: result: objdump
configure:4993: checking how to recognize dependent libraries
configure:5195: result: pass_all
configure:5280: checking for dlltool
configure:5310: result: no
configure:5340: checking how to associate runtime and link libraries
configure:5367: result: printf %s\n
configure:5428: checking for ar
configure:5444: found /usr/bin/ar
configure:5455: result: ar
configure:5492: checking for archiver @FILE support
configure:5509: gcc -c -Wall -g -fPIC -DTESSDATA_PREFIX=/usr/share/tesseract-ocr/  conftest.c >&5
configure:5509: $? = 0
configure:5512: ar cru libconftest.a @conftest.lst >&5
configure:5515: $? = 0
configure:5520: ar cru libconftest.a @conftest.lst >&5
ar: conftest.o: No such file or directory
configure:5523: $? = 1
configure:5535: result: @
configure:5593: checking for strip
configure:5609: found /usr/bin/strip
configure:5620: result: strip
configure:5692: checking for ranlib
configure:5708: found /usr/bin/ranlib
configure:5719: result: ranlib
configure:5796: checking for gawk
configure:5826: result: no
configure:5796: checking for mawk
configure:5812: found /usr/bin/mawk
configure:5823: result: mawk
configure:5863: checking command to parse /usr/bin/nm -B output from gcc object
configure:5982: gcc -c -Wall -g -fPIC -DTESSDATA_PREFIX=/usr/share/tesseract-ocr/  conftest.c >&5
configure:5985: $? = 0
configure:5989: /usr/bin/nm -B conftest.o \| sed -n -e 's/^.*[ ]\([ABCDGIRSTW][ABCDGIRSTW]*\)[ ][ ]*\([_A-Za-z][_A-Za-z0-9]*\)$/\1 \2 \2/p' | sed '/ __gnu_lto/d' \> conftest.nm
configure:5992: $? = 0
configure:6058: gcc -o conftest -Wall -g -fPIC -DTESSDATA_PREFIX=/usr/share/tesseract-ocr/  -Wl,-z,defs conftest.c conftstm.o >&5
configure:6061: $? = 0
configure:6099: result: ok
configure:6136: checking for sysroot
configure:6166: result: no
configure:6243: gcc -c -Wall -g -fPIC -DTESSDATA_PREFIX=/usr/share/tesseract-ocr/  conftest.c >&5
configure:6246: $? = 0
configure:6409: checking for mt
configure:6425: found /bin/mt
configure:6436: result: mt
configure:6459: checking if mt is a manifest tool
configure:6465: mt '-?'
configure:6473: result: no
configure:7105: checking how to run the C preprocessor
configure:7136: gcc -E  conftest.c
configure:7136: $? = 0
configure:7150: gcc -E  conftest.c
conftest.c:13:28: fatal error: ac_nonexistent.h: No such file or directory
compilation terminated.
configure:7150: $? = 1
configure: failed program was:
| /* confdefs.h */
| #define PACKAGE_NAME "tesseract"
| #define PACKAGE_TARNAME "tesseract"
| #define PACKAGE_VERSION "3.01"
| #define PACKAGE_STRING "tesseract 3.01"
| #define PACKAGE_BUGREPORT "theraysmith@gmail.com"
| #define PACKAGE_URL ""
| #define PACKAGE_NAME "tesseract"
| #define PACKAGE_VERSION "3.01"
| #define PACKAGE_YEAR "2011"
| #define PACKAGE_DATE "10/16"
| /* end confdefs.h.  */
| #include <ac_nonexistent.h>
configure:7175: result: gcc -E
configure:7195: gcc -E  conftest.c
configure:7195: $? = 0
configure:7209: gcc -E  conftest.c
conftest.c:13:28: fatal error: ac_nonexistent.h: No such file or directory
compilation terminated.
configure:7209: $? = 1
configure: failed program was:
| /* confdefs.h */
| #define PACKAGE_NAME "tesseract"
| #define PACKAGE_TARNAME "tesseract"
| #define PACKAGE_VERSION "3.01"
| #define PACKAGE_STRING "tesseract 3.01"
| #define PACKAGE_BUGREPORT "theraysmith@gmail.com"
| #define PACKAGE_URL ""
| #define PACKAGE_NAME "tesseract"
| #define PACKAGE_VERSION "3.01"
| #define PACKAGE_YEAR "2011"
| #define PACKAGE_DATE "10/16"
| /* end confdefs.h.  */
| #include <ac_nonexistent.h>
configure:7238: checking for ANSI C header files
configure:7258: gcc -c -Wall -g -fPIC -DTESSDATA_PREFIX=/usr/share/tesseract-ocr/  conftest.c >&5
configure:7258: $? = 0
configure:7331: gcc -o conftest -Wall -g -fPIC -DTESSDATA_PREFIX=/usr/share/tesseract-ocr/  -Wl,-z,defs conftest.c  >&5
configure:7331: $? = 0
configure:7331: ./conftest
configure:7331: $? = 0
configure:7342: result: yes
configure:7355: checking for sys/types.h
configure:7355: gcc -c -Wall -g -fPIC -DTESSDATA_PREFIX=/usr/share/tesseract-ocr/  conftest.c >&5
configure:7355: $? = 0
configure:7355: result: yes
configure:7355: checking for sys/stat.h
configure:7355: gcc -c -Wall -g -fPIC -DTESSDATA_PREFIX=/usr/share/tesseract-ocr/  conftest.c >&5
configure:7355: $? = 0
configure:7355: result: yes
configure:7355: checking for stdlib.h
configure:7355: gcc -c -Wall -g -fPIC -DTESSDATA_PREFIX=/usr/share/tesseract-ocr/  conftest.c >&5
configure:7355: $? = 0
configure:7355: result: yes
configure:7355: checking for string.h
configure:7355: gcc -c -Wall -g -fPIC -DTESSDATA_PREFIX=/usr/share/tesseract-ocr/  conftest.c >&5
configure:7355: $? = 0
configure:7355: result: yes
configure:7355: checking for memory.h
configure:7355: gcc -c -Wall -g -fPIC -DTESSDATA_PREFIX=/usr/share/tesseract-ocr/  conftest.c >&5
configure:7355: $? = 0
configure:7355: result: yes
configure:7355: checking for strings.h
configure:7355: gcc -c -Wall -g -fPIC -DTESSDATA_PREFIX=/usr/share/tesseract-ocr/  conftest.c >&5
configure:7355: $? = 0
configure:7355: result: yes
configure:7355: checking for inttypes.h
configure:7355: gcc -c -Wall -g -fPIC -DTESSDATA_PREFIX=/usr/share/tesseract-ocr/  conftest.c >&5
configure:7355: $? = 0
configure:7355: result: yes
configure:7355: checking for stdint.h
configure:7355: gcc -c -Wall -g -fPIC -DTESSDATA_PREFIX=/usr/share/tesseract-ocr/  conftest.c >&5
configure:7355: $? = 0
configure:7355: result: yes
configure:7355: checking for unistd.h
configure:7355: gcc -c -Wall -g -fPIC -DTESSDATA_PREFIX=/usr/share/tesseract-ocr/  conftest.c >&5
configure:7355: $? = 0
configure:7355: result: yes
configure:7369: checking for dlfcn.h
configure:7369: gcc -c -Wall -g -fPIC -DTESSDATA_PREFIX=/usr/share/tesseract-ocr/  conftest.c >&5
configure:7369: $? = 0
configure:7369: result: yes
configure:7567: checking for objdir
configure:7582: result: .libs
configure:7849: checking if gcc supports -fno-rtti -fno-exceptions
configure:7867: gcc -c -Wall -g -fPIC -DTESSDATA_PREFIX=/usr/share/tesseract-ocr/  -fno-rtti -fno-exceptions conftest.c >&5
cc1: warning: command line option '-fno-rtti' is valid for C++/ObjC++ but not for C [enabled by default]
configure:7871: $? = 0
configure:7884: result: no
configure:8194: checking for gcc option to produce PIC
configure:8201: result: -fPIC -DPIC
configure:8209: checking if gcc PIC flag -fPIC -DPIC works
configure:8227: gcc -c -Wall -g -fPIC -DTESSDATA_PREFIX=/usr/share/tesseract-ocr/  -fPIC -DPIC -DPIC conftest.c >&5
configure:8231: $? = 0
configure:8244: result: yes
configure:8273: checking if gcc static flag -static works
configure:8301: result: yes
configure:8316: checking if gcc supports -c -o file.o
configure:8337: gcc -c -Wall -g -fPIC -DTESSDATA_PREFIX=/usr/share/tesseract-ocr/  -o out/conftest2.o conftest.c >&5
configure:8341: $? = 0
configure:8363: result: yes
configure:8371: checking if gcc supports -c -o file.o
configure:8418: result: yes
configure:8451: checking whether the gcc linker (/usr/bin/ld -m elf_x86_64) supports shared libraries
configure:9613: result: yes
configure:9650: checking whether -lc should be explicitly linked in
configure:9658: gcc -c -Wall -g -fPIC -DTESSDATA_PREFIX=/usr/share/tesseract-ocr/  conftest.c >&5
configure:9661: $? = 0
configure:9676: gcc -shared  -fPIC -DPIC conftest.o  -v -Wl,-soname -Wl,conftest -o conftest 2\>\&1 \| /bin/grep  -lc  \>/dev/null 2\>\&1
configure:9679: $? = 0
configure:9693: result: no
configure:9858: checking dynamic linker characteristics
configure:10373: gcc -o conftest -Wall -g -fPIC -DTESSDATA_PREFIX=/usr/share/tesseract-ocr/  -Wl,-z,defs -Wl,-rpath -Wl,/foo conftest.c  >&5
configure:10373: $? = 0
configure:10607: result: GNU/Linux ld.so
configure:10714: checking how to hardcode library paths into programs
configure:10739: result: immediate
configure:11279: checking whether stripping libraries is possible
configure:11284: result: yes
configure:11319: checking if libtool supports shared libraries
configure:11321: result: yes
configure:11324: checking whether to build shared libraries
configure:11345: result: yes
configure:11348: checking whether to build static libraries
configure:11352: result: yes
configure:11375: checking how to run the C++ preprocessor
configure:11402: g++ -E  conftest.cpp
configure:11402: $? = 0
configure:11416: g++ -E  conftest.cpp
conftest.cpp:25:28: fatal error: ac_nonexistent.h: No such file or directory
compilation terminated.
configure:11416: $? = 1
configure: failed program was:
| /* confdefs.h */
| #define PACKAGE_NAME "tesseract"
| #define PACKAGE_TARNAME "tesseract"
| #define PACKAGE_VERSION "3.01"
| #define PACKAGE_STRING "tesseract 3.01"
| #define PACKAGE_BUGREPORT "theraysmith@gmail.com"
| #define PACKAGE_URL ""
| #define PACKAGE_NAME "tesseract"
| #define PACKAGE_VERSION "3.01"
| #define PACKAGE_YEAR "2011"
| #define PACKAGE_DATE "10/16"
| #define STDC_HEADERS 1
| #define HAVE_SYS_TYPES_H 1
| #define HAVE_SYS_STAT_H 1
| #define HAVE_STDLIB_H 1
| #define HAVE_STRING_H 1
| #define HAVE_MEMORY_H 1
| #define HAVE_STRINGS_H 1
| #define HAVE_INTTYPES_H 1
| #define HAVE_STDINT_H 1
| #define HAVE_UNISTD_H 1
| #define HAVE_DLFCN_H 1
| #define LT_OBJDIR ".libs/"
| /* end confdefs.h.  */
| #include <ac_nonexistent.h>
configure:11441: result: g++ -E
configure:11461: g++ -E  conftest.cpp
configure:11461: $? = 0
configure:11475: g++ -E  conftest.cpp
conftest.cpp:25:28: fatal error: ac_nonexistent.h: No such file or directory
compilation terminated.
configure:11475: $? = 1
configure: failed program was:
| /* confdefs.h */
| #define PACKAGE_NAME "tesseract"
| #define PACKAGE_TARNAME "tesseract"
| #define PACKAGE_VERSION "3.01"
| #define PACKAGE_STRING "tesseract 3.01"
| #define PACKAGE_BUGREPORT "theraysmith@gmail.com"
| #define PACKAGE_URL ""
| #define PACKAGE_NAME "tesseract"
| #define PACKAGE_VERSION "3.01"
| #define PACKAGE_YEAR "2011"
| #define PACKAGE_DATE "10/16"
| #define STDC_HEADERS 1
| #define HAVE_SYS_TYPES_H 1
| #define HAVE_SYS_STAT_H 1
| #define HAVE_STDLIB_H 1
| #define HAVE_STRING_H 1
| #define HAVE_MEMORY_H 1
| #define HAVE_STRINGS_H 1
| #define HAVE_INTTYPES_H 1
| #define HAVE_STDINT_H 1
| #define HAVE_UNISTD_H 1
| #define HAVE_DLFCN_H 1
| #define LT_OBJDIR ".libs/"
| /* end confdefs.h.  */
| #include <ac_nonexistent.h>
configure:11645: checking for ld used by g++
configure:11712: result: /usr/bin/ld -m elf_x86_64
configure:11719: checking if the linker (/usr/bin/ld -m elf_x86_64) is GNU ld
configure:11734: result: yes
configure:11789: checking whether the g++ linker (/usr/bin/ld -m elf_x86_64) supports shared libraries
configure:12793: result: yes
configure:12828: g++ -c -Wall -g -fPIC -DTESSDATA_PREFIX=/usr/share/tesseract-ocr/  conftest.cpp >&5
configure:12831: $? = 0
configure:13351: checking for g++ option to produce PIC
configure:13358: result: -fPIC -DPIC
configure:13366: checking if g++ PIC flag -fPIC -DPIC works
configure:13384: g++ -c -Wall -g -fPIC -DTESSDATA_PREFIX=/usr/share/tesseract-ocr/  -fPIC -DPIC -DPIC conftest.cpp >&5
configure:13388: $? = 0
configure:13401: result: yes
configure:13424: checking if g++ static flag -static works
configure:13452: result: yes
configure:13464: checking if g++ supports -c -o file.o
configure:13485: g++ -c -Wall -g -fPIC -DTESSDATA_PREFIX=/usr/share/tesseract-ocr/  -o out/conftest2.o conftest.cpp >&5
configure:13489: $? = 0
configure:13511: result: yes
configure:13516: checking if g++ supports -c -o file.o
configure:13563: result: yes
configure:13593: checking whether the g++ linker (/usr/bin/ld -m elf_x86_64) supports shared libraries
configure:13630: result: yes
configure:13773: checking dynamic linker characteristics
configure:14456: result: GNU/Linux ld.so
configure:14509: checking how to hardcode library paths into programs
configure:14534: result: immediate
configure:14618: checking for a BSD-compatible install
configure:14686: result: /usr/bin/install -c
configure:14697: checking whether build environment is sane
configure:14747: result: yes
configure:14888: checking for a thread-safe mkdir -p
configure:14927: result: /bin/mkdir -p
configure:14936: checking whether make sets $(MAKE)
configure:14958: result: yes
configure:14988: checking for style of include used by make
configure:15016: result: GNU
configure:15101: checking dependency style of gcc
configure:15211: result: gcc3
configure:15228: checking dependency style of g++
configure:15338: result: gcc3
configure:15358: checking whether to enable maintainer-specific portions of Makefiles
configure:15367: result: no
configure:15396: checking whether byte ordering is bigendian
configure:15411: gcc -c -Wall -g -fPIC -DTESSDATA_PREFIX=/usr/share/tesseract-ocr/  conftest.c >&5
conftest.c:28:9: error: unknown type name 'not'
conftest.c:28:15: error: expected '=', ',', ';', 'asm' or '__attribute__' before 'universal'
conftest.c:28:15: error: unknown type name 'universal'
configure:15411: $? = 1
configure: failed program was:
| /* confdefs.h */
| #define PACKAGE_NAME "tesseract"
| #define PACKAGE_TARNAME "tesseract"
| #define PACKAGE_VERSION "3.01"
| #define PACKAGE_STRING "tesseract 3.01"
| #define PACKAGE_BUGREPORT "theraysmith@gmail.com"
| #define PACKAGE_URL ""
| #define PACKAGE_NAME "tesseract"
| #define PACKAGE_VERSION "3.01"
| #define PACKAGE_YEAR "2011"
| #define PACKAGE_DATE "10/16"
| #define STDC_HEADERS 1
| #define HAVE_SYS_TYPES_H 1
| #define HAVE_SYS_STAT_H 1
| #define HAVE_STDLIB_H 1
| #define HAVE_STRING_H 1
| #define HAVE_MEMORY_H 1
| #define HAVE_STRINGS_H 1
| #define HAVE_INTTYPES_H 1
| #define HAVE_STDINT_H 1
| #define HAVE_UNISTD_H 1
| #define HAVE_DLFCN_H 1
| #define LT_OBJDIR ".libs/"
| #define PACKAGE "tesseract"
| #define VERSION "3.01"
| /* end confdefs.h.  */
| #ifndef __APPLE_CC__
| 	       not a universal capable compiler
| 	     #endif
| 	     typedef int dummy;
| 
configure:15456: gcc -c -Wall -g -fPIC -DTESSDATA_PREFIX=/usr/share/tesseract-ocr/  conftest.c >&5
configure:15456: $? = 0
configure:15474: gcc -c -Wall -g -fPIC -DTESSDATA_PREFIX=/usr/share/tesseract-ocr/  conftest.c >&5
conftest.c: In function 'main':
conftest.c:34:4: error: unknown type name 'not'
conftest.c:34:12: error: expected '=', ',', ';', 'asm' or '__attribute__' before 'endian'
configure:15474: $? = 1
configure: failed program was:
| /* confdefs.h */
| #define PACKAGE_NAME "tesseract"
| #define PACKAGE_TARNAME "tesseract"
| #define PACKAGE_VERSION "3.01"
| #define PACKAGE_STRING "tesseract 3.01"
| #define PACKAGE_BUGREPORT "theraysmith@gmail.com"
| #define PACKAGE_URL ""
| #define PACKAGE_NAME "tesseract"
| #define PACKAGE_VERSION "3.01"
| #define PACKAGE_YEAR "2011"
| #define PACKAGE_DATE "10/16"
| #define STDC_HEADERS 1
| #define HAVE_SYS_TYPES_H 1
| #define HAVE_SYS_STAT_H 1
| #define HAVE_STDLIB_H 1
| #define HAVE_STRING_H 1
| #define HAVE_MEMORY_H 1
| #define HAVE_STRINGS_H 1
| #define HAVE_INTTYPES_H 1
| #define HAVE_STDINT_H 1
| #define HAVE_UNISTD_H 1
| #define HAVE_DLFCN_H 1
| #define LT_OBJDIR ".libs/"
| #define PACKAGE "tesseract"
| #define VERSION "3.01"
| /* end confdefs.h.  */
| #include <sys/types.h>
| 		#include <sys/param.h>
| 
| int
| main ()
| {
| #if BYTE_ORDER != BIG_ENDIAN
| 		 not big endian
| 		#endif
| 
|   ;
|   return 0;
| }
configure:15602: result: no
configure:15733: checking for sem_init in -lpthread
configure:15758: g++ -o conftest -Wall -g -fPIC -DTESSDATA_PREFIX=/usr/share/tesseract-ocr/  -Wl,-z,defs conftest.cpp -lpthread   >&5
configure:15758: $? = 0
configure:15767: result: yes
configure:15784: checking for ANSI C header files
configure:15888: result: yes
configure:15896: checking whether time.h and sys/time.h may both be included
configure:15916: g++ -c -Wall -g -fPIC -DTESSDATA_PREFIX=/usr/share/tesseract-ocr/  conftest.cpp >&5
configure:15916: $? = 0
configure:15923: result: yes
configure:15931: checking for sys/wait.h that is POSIX.1 compatible
configure:15957: g++ -c -Wall -g -fPIC -DTESSDATA_PREFIX=/usr/share/tesseract-ocr/  conftest.cpp >&5
configure:15957: $? = 0
configure:15964: result: yes
configure:15975: checking sys/ipc.h usability
configure:15975: g++ -c -Wall -g -fPIC -DTESSDATA_PREFIX=/usr/share/tesseract-ocr/  conftest.cpp >&5
configure:15975: $? = 0
configure:15975: result: yes
configure:15975: checking sys/ipc.h presence
configure:15975: g++ -E  conftest.cpp
configure:15975: $? = 0
configure:15975: result: yes
configure:15975: checking for sys/ipc.h
configure:15975: result: yes
configure:15975: checking sys/shm.h usability
configure:15975: g++ -c -Wall -g -fPIC -DTESSDATA_PREFIX=/usr/share/tesseract-ocr/  conftest.cpp >&5
configure:15975: $? = 0
configure:15975: result: yes
configure:15975: checking sys/shm.h presence
configure:15975: g++ -E  conftest.cpp
configure:15975: $? = 0
configure:15975: result: yes
configure:15975: checking for sys/shm.h
configure:15975: result: yes
configure:15988: checking limits.h usability
configure:15988: g++ -c -Wall -g -fPIC -DTESSDATA_PREFIX=/usr/share/tesseract-ocr/  conftest.cpp >&5
configure:15988: $? = 0
configure:15988: result: yes
configure:15988: checking limits.h presence
configure:15988: g++ -E  conftest.cpp
configure:15988: $? = 0
configure:15988: result: yes
configure:15988: checking for limits.h
configure:15988: result: yes
configure:15988: checking malloc.h usability
configure:15988: g++ -c -Wall -g -fPIC -DTESSDATA_PREFIX=/usr/share/tesseract-ocr/  conftest.cpp >&5
configure:15988: $? = 0
configure:15988: result: yes
configure:15988: checking malloc.h presence
configure:15988: g++ -E  conftest.cpp
configure:15988: $? = 0
configure:15988: result: yes
configure:15988: checking for malloc.h
configure:15988: result: yes
configure:16000: checking allheaders.h usability
configure:16000: g++ -c -Wall -g -fPIC -DTESSDATA_PREFIX=/usr/share/tesseract-ocr/  conftest.cpp >&5
conftest.cpp:68:24: fatal error: allheaders.h: No such file or directory
compilation terminated.
configure:16000: $? = 1
configure: failed program was:
| /* confdefs.h */
| #define PACKAGE_NAME "tesseract"
| #define PACKAGE_TARNAME "tesseract"
| #define PACKAGE_VERSION "3.01"
| #define PACKAGE_STRING "tesseract 3.01"
| #define PACKAGE_BUGREPORT "theraysmith@gmail.com"
| #define PACKAGE_URL ""
| #define PACKAGE_NAME "tesseract"
| #define PACKAGE_VERSION "3.01"
| #define PACKAGE_YEAR "2011"
| #define PACKAGE_DATE "10/16"
| #define STDC_HEADERS 1
| #define HAVE_SYS_TYPES_H 1
| #define HAVE_SYS_STAT_H 1
| #define HAVE_STDLIB_H 1
| #define HAVE_STRING_H 1
| #define HAVE_MEMORY_H 1
| #define HAVE_STRINGS_H 1
| #define HAVE_INTTYPES_H 1
| #define HAVE_STDINT_H 1
| #define HAVE_UNISTD_H 1
| #define HAVE_DLFCN_H 1
| #define LT_OBJDIR ".libs/"
| #define PACKAGE "tesseract"
| #define VERSION "3.01"
| #define HAVE_LIBPTHREAD 1
| #define STDC_HEADERS 1
| #define TIME_WITH_SYS_TIME 1
| #define HAVE_SYS_WAIT_H 1
| #define HAVE_SYS_IPC_H 1
| #define HAVE_SYS_SHM_H 1
| #define HAVE_LIMITS_H 1
| #define HAVE_MALLOC_H 1
| /* end confdefs.h.  */
| #include <stdio.h>
| #ifdef HAVE_SYS_TYPES_H
| # include <sys/types.h>
| #endif
| #ifdef HAVE_SYS_STAT_H
| # include <sys/stat.h>
| #endif
| #ifdef STDC_HEADERS
| # include <stdlib.h>
| # include <stddef.h>
| #else
| # ifdef HAVE_STDLIB_H
| #  include <stdlib.h>
| # endif
| #endif
| #ifdef HAVE_STRING_H
| # if !defined STDC_HEADERS && defined HAVE_MEMORY_H
| #  include <memory.h>
| # endif
| # include <string.h>
| #endif
| #ifdef HAVE_STRINGS_H
| # include <strings.h>
| #endif
| #ifdef HAVE_INTTYPES_H
| # include <inttypes.h>
| #endif
| #ifdef HAVE_STDINT_H
| # include <stdint.h>
| #endif
| #ifdef HAVE_UNISTD_H
| # include <unistd.h>
| #endif
| #include <allheaders.h>
configure:16000: result: no
configure:16000: checking allheaders.h presence
configure:16000: g++ -E  conftest.cpp
conftest.cpp:35:24: fatal error: allheaders.h: No such file or directory
compilation terminated.
configure:16000: $? = 1
configure: failed program was:
| /* confdefs.h */
| #define PACKAGE_NAME "tesseract"
| #define PACKAGE_TARNAME "tesseract"
| #define PACKAGE_VERSION "3.01"
| #define PACKAGE_STRING "tesseract 3.01"
| #define PACKAGE_BUGREPORT "theraysmith@gmail.com"
| #define PACKAGE_URL ""
| #define PACKAGE_NAME "tesseract"
| #define PACKAGE_VERSION "3.01"
| #define PACKAGE_YEAR "2011"
| #define PACKAGE_DATE "10/16"
| #define STDC_HEADERS 1
| #define HAVE_SYS_TYPES_H 1
| #define HAVE_SYS_STAT_H 1
| #define HAVE_STDLIB_H 1
| #define HAVE_STRING_H 1
| #define HAVE_MEMORY_H 1
| #define HAVE_STRINGS_H 1
| #define HAVE_INTTYPES_H 1
| #define HAVE_STDINT_H 1
| #define HAVE_UNISTD_H 1
| #define HAVE_DLFCN_H 1
| #define LT_OBJDIR ".libs/"
| #define PACKAGE "tesseract"
| #define VERSION "3.01"
| #define HAVE_LIBPTHREAD 1
| #define STDC_HEADERS 1
| #define TIME_WITH_SYS_TIME 1
| #define HAVE_SYS_WAIT_H 1
| #define HAVE_SYS_IPC_H 1
| #define HAVE_SYS_SHM_H 1
| #define HAVE_LIMITS_H 1
| #define HAVE_MALLOC_H 1
| /* end confdefs.h.  */
| #include <allheaders.h>
configure:16000: result: no
configure:16000: checking for allheaders.h
configure:16000: result: no
configure:16011: checking for stdbool.h that conforms to C99
configure:16078: g++ -c -Wall -g -fPIC -DTESSDATA_PREFIX=/usr/share/tesseract-ocr/  conftest.cpp >&5
conftest.cpp: In function 'int main()':
conftest.cpp:84:12: warning: the address of 's' will always evaluate as 'true' [-Waddress]
conftest.cpp:88:11: warning: the address of 'a' will always evaluate as 'true' [-Waddress]
conftest.cpp:88:16: warning: the address of 'b' will always evaluate as 'true' [-Waddress]
conftest.cpp:88:21: warning: the address of 'c' will always evaluate as 'true' [-Waddress]
conftest.cpp:88:26: warning: the address of 'd' will always evaluate as 'true' [-Waddress]
conftest.cpp:88:36: warning: the address of 'f' will always evaluate as 'true' [-Waddress]
conftest.cpp:88:41: warning: the address of 'g' will always evaluate as 'true' [-Waddress]
conftest.cpp:88:46: warning: the address of 'h' will always evaluate as 'true' [-Waddress]
conftest.cpp:88:51: warning: the address of 'i' will always evaluate as 'true' [-Waddress]
conftest.cpp:89:11: warning: the address of 'n' will always evaluate as 'true' [-Waddress]
conftest.cpp:89:16: warning: the address of 'o' will always evaluate as 'true' [-Waddress]
conftest.cpp:89:21: warning: the address of 'p' will always evaluate as 'true' [-Waddress]
configure:16078: $? = 0
configure:16085: result: yes
configure:16087: checking for _Bool
configure:16087: g++ -c -Wall -g -fPIC -DTESSDATA_PREFIX=/usr/share/tesseract-ocr/  conftest.cpp >&5
conftest.cpp: In function 'int main()':
conftest.cpp:71:13: error: '_Bool' was not declared in this scope
configure:16087: $? = 1
configure: failed program was:
| /* confdefs.h */
| #define PACKAGE_NAME "tesseract"
| #define PACKAGE_TARNAME "tesseract"
| #define PACKAGE_VERSION "3.01"
| #define PACKAGE_STRING "tesseract 3.01"
| #define PACKAGE_BUGREPORT "theraysmith@gmail.com"
| #define PACKAGE_URL ""
| #define PACKAGE_NAME "tesseract"
| #define PACKAGE_VERSION "3.01"
| #define PACKAGE_YEAR "2011"
| #define PACKAGE_DATE "10/16"
| #define STDC_HEADERS 1
| #define HAVE_SYS_TYPES_H 1
| #define HAVE_SYS_STAT_H 1
| #define HAVE_STDLIB_H 1
| #define HAVE_STRING_H 1
| #define HAVE_MEMORY_H 1
| #define HAVE_STRINGS_H 1
| #define HAVE_INTTYPES_H 1
| #define HAVE_STDINT_H 1
| #define HAVE_UNISTD_H 1
| #define HAVE_DLFCN_H 1
| #define LT_OBJDIR ".libs/"
| #define PACKAGE "tesseract"
| #define VERSION "3.01"
| #define HAVE_LIBPTHREAD 1
| #define STDC_HEADERS 1
| #define TIME_WITH_SYS_TIME 1
| #define HAVE_SYS_WAIT_H 1
| #define HAVE_SYS_IPC_H 1
| #define HAVE_SYS_SHM_H 1
| #define HAVE_LIMITS_H 1
| #define HAVE_MALLOC_H 1
| /* end confdefs.h.  */
| #include <stdio.h>
| #ifdef HAVE_SYS_TYPES_H
| # include <sys/types.h>
| #endif
| #ifdef HAVE_SYS_STAT_H
| # include <sys/stat.h>
| #endif
| #ifdef STDC_HEADERS
| # include <stdlib.h>
| # include <stddef.h>
| #else
| # ifdef HAVE_STDLIB_H
| #  include <stdlib.h>
| # endif
| #endif
| #ifdef HAVE_STRING_H
| # if !defined STDC_HEADERS && defined HAVE_MEMORY_H
| #  include <memory.h>
| # endif
| # include <string.h>
| #endif
| #ifdef HAVE_STRINGS_H
| # include <strings.h>
| #endif
| #ifdef HAVE_INTTYPES_H
| # include <inttypes.h>
| #endif
| #ifdef HAVE_STDINT_H
| # include <stdint.h>
| #endif
| #ifdef HAVE_UNISTD_H
| # include <unistd.h>
| #endif
| int
| main ()
| {
| if (sizeof (_Bool))
| 	 return 0;
|   ;
|   return 0;
| }
configure:16087: result: no
configure:16105: checking whether #! works in shell scripts
configure:16122: result: yes
configure:16133: checking for special C compiler options needed for large files
configure:16178: result: no
configure:16184: checking for _FILE_OFFSET_BITS value needed for large files
configure:16209: g++ -c -Wall -g -fPIC -DTESSDATA_PREFIX=/usr/share/tesseract-ocr/  conftest.cpp >&5
configure:16209: $? = 0
configure:16241: result: no
configure:16330: checking for wchar_t
configure:16330: g++ -c -Wall -g -fPIC -DTESSDATA_PREFIX=/usr/share/tesseract-ocr/  conftest.cpp >&5
configure:16330: $? = 0
configure:16330: g++ -c -Wall -g -fPIC -DTESSDATA_PREFIX=/usr/share/tesseract-ocr/  conftest.cpp >&5
conftest.cpp: In function 'int main()':
conftest.cpp:72:14: error: expected primary-expression before 'wchar_t'
conftest.cpp:72:14: error: expected ')' before 'wchar_t'
conftest.cpp:73:14: error: expected ')' before ';' token
conftest.cpp:73:14: error: expected ')' before ';' token
configure:16330: $? = 1
configure: failed program was:
| /* confdefs.h */
| #define PACKAGE_NAME "tesseract"
| #define PACKAGE_TARNAME "tesseract"
| #define PACKAGE_VERSION "3.01"
| #define PACKAGE_STRING "tesseract 3.01"
| #define PACKAGE_BUGREPORT "theraysmith@gmail.com"
| #define PACKAGE_URL ""
| #define PACKAGE_NAME "tesseract"
| #define PACKAGE_VERSION "3.01"
| #define PACKAGE_YEAR "2011"
| #define PACKAGE_DATE "10/16"
| #define STDC_HEADERS 1
| #define HAVE_SYS_TYPES_H 1
| #define HAVE_SYS_STAT_H 1
| #define HAVE_STDLIB_H 1
| #define HAVE_STRING_H 1
| #define HAVE_MEMORY_H 1
| #define HAVE_STRINGS_H 1
| #define HAVE_INTTYPES_H 1
| #define HAVE_STDINT_H 1
| #define HAVE_UNISTD_H 1
| #define HAVE_DLFCN_H 1
| #define LT_OBJDIR ".libs/"
| #define PACKAGE "tesseract"
| #define VERSION "3.01"
| #define HAVE_LIBPTHREAD 1
| #define STDC_HEADERS 1
| #define TIME_WITH_SYS_TIME 1
| #define HAVE_SYS_WAIT_H 1
| #define HAVE_SYS_IPC_H 1
| #define HAVE_SYS_SHM_H 1
| #define HAVE_LIMITS_H 1
| #define HAVE_MALLOC_H 1
| #define HAVE_STDBOOL_H 1
| /* end confdefs.h.  */
| #include <stdio.h>
| #ifdef HAVE_SYS_TYPES_H
| # include <sys/types.h>
| #endif
| #ifdef HAVE_SYS_STAT_H
| # include <sys/stat.h>
| #endif
| #ifdef STDC_HEADERS
| # include <stdlib.h>
| # include <stddef.h>
| #else
| # ifdef HAVE_STDLIB_H
| #  include <stdlib.h>
| # endif
| #endif
| #ifdef HAVE_STRING_H
| # if !defined STDC_HEADERS && defined HAVE_MEMORY_H
| #  include <memory.h>
| # endif
| # include <string.h>
| #endif
| #ifdef HAVE_STRINGS_H
| # include <strings.h>
| #endif
| #ifdef HAVE_INTTYPES_H
| # include <inttypes.h>
| #endif
| #ifdef HAVE_STDINT_H
| # include <stdint.h>
| #endif
| #ifdef HAVE_UNISTD_H
| # include <unistd.h>
| #endif
| int
| main ()
| {
| if (sizeof ((wchar_t)))
| 	    return 0;
|   ;
|   return 0;
| }
configure:16330: result: yes
configure:16340: checking for long long int
configure:16340: g++ -c -Wall -g -fPIC -DTESSDATA_PREFIX=/usr/share/tesseract-ocr/  conftest.cpp >&5
configure:16340: $? = 0
configure:16340: g++ -c -Wall -g -fPIC -DTESSDATA_PREFIX=/usr/share/tesseract-ocr/  conftest.cpp >&5
conftest.cpp: In function 'int main()':
conftest.cpp:73:14: error: expected primary-expression before 'long'
conftest.cpp:73:14: error: expected ')' before 'long'
conftest.cpp:74:14: error: expected ')' before ';' token
conftest.cpp:74:14: error: expected ')' before ';' token
configure:16340: $? = 1
configure: failed program was:
| /* confdefs.h */
| #define PACKAGE_NAME "tesseract"
| #define PACKAGE_TARNAME "tesseract"
| #define PACKAGE_VERSION "3.01"
| #define PACKAGE_STRING "tesseract 3.01"
| #define PACKAGE_BUGREPORT "theraysmith@gmail.com"
| #define PACKAGE_URL ""
| #define PACKAGE_NAME "tesseract"
| #define PACKAGE_VERSION "3.01"
| #define PACKAGE_YEAR "2011"
| #define PACKAGE_DATE "10/16"
| #define STDC_HEADERS 1
| #define HAVE_SYS_TYPES_H 1
| #define HAVE_SYS_STAT_H 1
| #define HAVE_STDLIB_H 1
| #define HAVE_STRING_H 1
| #define HAVE_MEMORY_H 1
| #define HAVE_STRINGS_H 1
| #define HAVE_INTTYPES_H 1
| #define HAVE_STDINT_H 1
| #define HAVE_UNISTD_H 1
| #define HAVE_DLFCN_H 1
| #define LT_OBJDIR ".libs/"
| #define PACKAGE "tesseract"
| #define VERSION "3.01"
| #define HAVE_LIBPTHREAD 1
| #define STDC_HEADERS 1
| #define TIME_WITH_SYS_TIME 1
| #define HAVE_SYS_WAIT_H 1
| #define HAVE_SYS_IPC_H 1
| #define HAVE_SYS_SHM_H 1
| #define HAVE_LIMITS_H 1
| #define HAVE_MALLOC_H 1
| #define HAVE_STDBOOL_H 1
| #define HAVE_WCHAR_T 1
| /* end confdefs.h.  */
| #include <stdio.h>
| #ifdef HAVE_SYS_TYPES_H
| # include <sys/types.h>
| #endif
| #ifdef HAVE_SYS_STAT_H
| # include <sys/stat.h>
| #endif
| #ifdef STDC_HEADERS
| # include <stdlib.h>
| # include <stddef.h>
| #else
| # ifdef HAVE_STDLIB_H
| #  include <stdlib.h>
| # endif
| #endif
| #ifdef HAVE_STRING_H
| # if !defined STDC_HEADERS && defined HAVE_MEMORY_H
| #  include <memory.h>
| # endif
| # include <string.h>
| #endif
| #ifdef HAVE_STRINGS_H
| # include <strings.h>
| #endif
| #ifdef HAVE_INTTYPES_H
| # include <inttypes.h>
| #endif
| #ifdef HAVE_STDINT_H
| # include <stdint.h>
| #endif
| #ifdef HAVE_UNISTD_H
| # include <unistd.h>
| #endif
| int
| main ()
| {
| if (sizeof ((long long int)))
| 	    return 0;
|   ;
|   return 0;
| }
configure:16340: result: yes
configure:16350: checking for mbstate_t
configure:16350: g++ -c -Wall -g -fPIC -DTESSDATA_PREFIX=/usr/share/tesseract-ocr/  conftest.cpp >&5
configure:16350: $? = 0
configure:16350: g++ -c -Wall -g -fPIC -DTESSDATA_PREFIX=/usr/share/tesseract-ocr/  conftest.cpp >&5
conftest.cpp: In function 'int main()':
conftest.cpp:43:23: error: expected primary-expression before ')' token
configure:16350: $? = 1
configure: failed program was:
| /* confdefs.h */
| #define PACKAGE_NAME "tesseract"
| #define PACKAGE_TARNAME "tesseract"
| #define PACKAGE_VERSION "3.01"
| #define PACKAGE_STRING "tesseract 3.01"
| #define PACKAGE_BUGREPORT "theraysmith@gmail.com"
| #define PACKAGE_URL ""
| #define PACKAGE_NAME "tesseract"
| #define PACKAGE_VERSION "3.01"
| #define PACKAGE_YEAR "2011"
| #define PACKAGE_DATE "10/16"
| #define STDC_HEADERS 1
| #define HAVE_SYS_TYPES_H 1
| #define HAVE_SYS_STAT_H 1
| #define HAVE_STDLIB_H 1
| #define HAVE_STRING_H 1
| #define HAVE_MEMORY_H 1
| #define HAVE_STRINGS_H 1
| #define HAVE_INTTYPES_H 1
| #define HAVE_STDINT_H 1
| #define HAVE_UNISTD_H 1
| #define HAVE_DLFCN_H 1
| #define LT_OBJDIR ".libs/"
| #define PACKAGE "tesseract"
| #define VERSION "3.01"
| #define HAVE_LIBPTHREAD 1
| #define STDC_HEADERS 1
| #define TIME_WITH_SYS_TIME 1
| #define HAVE_SYS_WAIT_H 1
| #define HAVE_SYS_IPC_H 1
| #define HAVE_SYS_SHM_H 1
| #define HAVE_LIMITS_H 1
| #define HAVE_MALLOC_H 1
| #define HAVE_STDBOOL_H 1
| #define HAVE_WCHAR_T 1
| #define HAVE_LONG_LONG_INT 1
| /* end confdefs.h.  */
| #include "wchar.h"
| 
| int
| main ()
| {
| if (sizeof ((mbstate_t)))
| 	    return 0;
|   ;
|   return 0;
| }
configure:16350: result: yes
configure:16364: checking for size_t
configure:16364: g++ -c -Wall -g -fPIC -DTESSDATA_PREFIX=/usr/share/tesseract-ocr/  conftest.cpp >&5
configure:16364: $? = 0
configure:16364: g++ -c -Wall -g -fPIC -DTESSDATA_PREFIX=/usr/share/tesseract-ocr/  conftest.cpp >&5
conftest.cpp: In function 'int main()':
conftest.cpp:75:20: error: expected primary-expression before ')' token
configure:16364: $? = 1
configure: failed program was:
| /* confdefs.h */
| #define PACKAGE_NAME "tesseract"
| #define PACKAGE_TARNAME "tesseract"
| #define PACKAGE_VERSION "3.01"
| #define PACKAGE_STRING "tesseract 3.01"
| #define PACKAGE_BUGREPORT "theraysmith@gmail.com"
| #define PACKAGE_URL ""
| #define PACKAGE_NAME "tesseract"
| #define PACKAGE_VERSION "3.01"
| #define PACKAGE_YEAR "2011"
| #define PACKAGE_DATE "10/16"
| #define STDC_HEADERS 1
| #define HAVE_SYS_TYPES_H 1
| #define HAVE_SYS_STAT_H 1
| #define HAVE_STDLIB_H 1
| #define HAVE_STRING_H 1
| #define HAVE_MEMORY_H 1
| #define HAVE_STRINGS_H 1
| #define HAVE_INTTYPES_H 1
| #define HAVE_STDINT_H 1
| #define HAVE_UNISTD_H 1
| #define HAVE_DLFCN_H 1
| #define LT_OBJDIR ".libs/"
| #define PACKAGE "tesseract"
| #define VERSION "3.01"
| #define HAVE_LIBPTHREAD 1
| #define STDC_HEADERS 1
| #define TIME_WITH_SYS_TIME 1
| #define HAVE_SYS_WAIT_H 1
| #define HAVE_SYS_IPC_H 1
| #define HAVE_SYS_SHM_H 1
| #define HAVE_LIMITS_H 1
| #define HAVE_MALLOC_H 1
| #define HAVE_STDBOOL_H 1
| #define HAVE_WCHAR_T 1
| #define HAVE_LONG_LONG_INT 1
| #define HAVE_MBSTATE_T 1
| /* end confdefs.h.  */
| #include <stdio.h>
| #ifdef HAVE_SYS_TYPES_H
| # include <sys/types.h>
| #endif
| #ifdef HAVE_SYS_STAT_H
| # include <sys/stat.h>
| #endif
| #ifdef STDC_HEADERS
| # include <stdlib.h>
| # include <stddef.h>
| #else
| # ifdef HAVE_STDLIB_H
| #  include <stdlib.h>
| # endif
| #endif
| #ifdef HAVE_STRING_H
| # if !defined STDC_HEADERS && defined HAVE_MEMORY_H
| #  include <memory.h>
| # endif
| # include <string.h>
| #endif
| #ifdef HAVE_STRINGS_H
| # include <strings.h>
| #endif
| #ifdef HAVE_INTTYPES_H
| # include <inttypes.h>
| #endif
| #ifdef HAVE_STDINT_H
| # include <stdint.h>
| #endif
| #ifdef HAVE_UNISTD_H
| # include <unistd.h>
| #endif
| int
| main ()
| {
| if (sizeof ((size_t)))
| 	    return 0;
|   ;
|   return 0;
| }
configure:16364: result: yes
configure:16388: checking for stdlib.h
configure:16388: result: yes
configure:16388: checking for unistd.h
configure:16388: result: yes
configure:16388: checking for sys/param.h
configure:16388: g++ -c -Wall -g -fPIC -DTESSDATA_PREFIX=/usr/share/tesseract-ocr/  conftest.cpp >&5
configure:16388: $? = 0
configure:16388: result: yes
configure:16408: checking for getpagesize
configure:16408: g++ -o conftest -Wall -g -fPIC -DTESSDATA_PREFIX=/usr/share/tesseract-ocr/  -Wl,-z,defs conftest.cpp -lpthread  >&5
configure:16408: $? = 0
configure:16408: result: yes
configure:16417: checking for working mmap
configure:16564: g++ -o conftest -Wall -g -fPIC -DTESSDATA_PREFIX=/usr/share/tesseract-ocr/  -Wl,-z,defs conftest.cpp -lpthread  >&5
configure:16564: $? = 0
configure:16564: ./conftest
configure:16564: $? = 0
configure:16574: result: yes
configure:16583: checking for pid_t
configure:16583: g++ -c -Wall -g -fPIC -DTESSDATA_PREFIX=/usr/share/tesseract-ocr/  conftest.cpp >&5
configure:16583: $? = 0
configure:16583: g++ -c -Wall -g -fPIC -DTESSDATA_PREFIX=/usr/share/tesseract-ocr/  conftest.cpp >&5
conftest.cpp: In function 'int main()':
conftest.cpp:80:19: error: expected primary-expression before ')' token
configure:16583: $? = 1
configure: failed program was:
| /* confdefs.h */
| #define PACKAGE_NAME "tesseract"
| #define PACKAGE_TARNAME "tesseract"
| #define PACKAGE_VERSION "3.01"
| #define PACKAGE_STRING "tesseract 3.01"
| #define PACKAGE_BUGREPORT "theraysmith@gmail.com"
| #define PACKAGE_URL ""
| #define PACKAGE_NAME "tesseract"
| #define PACKAGE_VERSION "3.01"
| #define PACKAGE_YEAR "2011"
| #define PACKAGE_DATE "10/16"
| #define STDC_HEADERS 1
| #define HAVE_SYS_TYPES_H 1
| #define HAVE_SYS_STAT_H 1
| #define HAVE_STDLIB_H 1
| #define HAVE_STRING_H 1
| #define HAVE_MEMORY_H 1
| #define HAVE_STRINGS_H 1
| #define HAVE_INTTYPES_H 1
| #define HAVE_STDINT_H 1
| #define HAVE_UNISTD_H 1
| #define HAVE_DLFCN_H 1
| #define LT_OBJDIR ".libs/"
| #define PACKAGE "tesseract"
| #define VERSION "3.01"
| #define HAVE_LIBPTHREAD 1
| #define STDC_HEADERS 1
| #define TIME_WITH_SYS_TIME 1
| #define HAVE_SYS_WAIT_H 1
| #define HAVE_SYS_IPC_H 1
| #define HAVE_SYS_SHM_H 1
| #define HAVE_LIMITS_H 1
| #define HAVE_MALLOC_H 1
| #define HAVE_STDBOOL_H 1
| #define HAVE_WCHAR_T 1
| #define HAVE_LONG_LONG_INT 1
| #define HAVE_MBSTATE_T 1
| #define HAVE_STDLIB_H 1
| #define HAVE_UNISTD_H 1
| #define HAVE_SYS_PARAM_H 1
| #define HAVE_GETPAGESIZE 1
| #define HAVE_MMAP 1
| /* end confdefs.h.  */
| #include <stdio.h>
| #ifdef HAVE_SYS_TYPES_H
| # include <sys/types.h>
| #endif
| #ifdef HAVE_SYS_STAT_H
| # include <sys/stat.h>
| #endif
| #ifdef STDC_HEADERS
| # include <stdlib.h>
| # include <stddef.h>
| #else
| # ifdef HAVE_STDLIB_H
| #  include <stdlib.h>
| # endif
| #endif
| #ifdef HAVE_STRING_H
| # if !defined STDC_HEADERS && defined HAVE_MEMORY_H
| #  include <memory.h>
| # endif
| # include <string.h>
| #endif
| #ifdef HAVE_STRINGS_H
| # include <strings.h>
| #endif
| #ifdef HAVE_INTTYPES_H
| # include <inttypes.h>
| #endif
| #ifdef HAVE_STDINT_H
| # include <stdint.h>
| #endif
| #ifdef HAVE_UNISTD_H
| # include <unistd.h>
| #endif
| int
| main ()
| {
| if (sizeof ((pid_t)))
| 	    return 0;
|   ;
|   return 0;
| }
configure:16583: result: yes
configure:16596: checking vfork.h usability
configure:16596: g++ -c -Wall -g -fPIC -DTESSDATA_PREFIX=/usr/share/tesseract-ocr/  conftest.cpp >&5
conftest.cpp:77:19: fatal error: vfork.h: No such file or directory
compilation terminated.
configure:16596: $? = 1
configure: failed program was:
| /* confdefs.h */
| #define PACKAGE_NAME "tesseract"
| #define PACKAGE_TARNAME "tesseract"
| #define PACKAGE_VERSION "3.01"
| #define PACKAGE_STRING "tesseract 3.01"
| #define PACKAGE_BUGREPORT "theraysmith@gmail.com"
| #define PACKAGE_URL ""
| #define PACKAGE_NAME "tesseract"
| #define PACKAGE_VERSION "3.01"
| #define PACKAGE_YEAR "2011"
| #define PACKAGE_DATE "10/16"
| #define STDC_HEADERS 1
| #define HAVE_SYS_TYPES_H 1
| #define HAVE_SYS_STAT_H 1
| #define HAVE_STDLIB_H 1
| #define HAVE_STRING_H 1
| #define HAVE_MEMORY_H 1
| #define HAVE_STRINGS_H 1
| #define HAVE_INTTYPES_H 1
| #define HAVE_STDINT_H 1
| #define HAVE_UNISTD_H 1
| #define HAVE_DLFCN_H 1
| #define LT_OBJDIR ".libs/"
| #define PACKAGE "tesseract"
| #define VERSION "3.01"
| #define HAVE_LIBPTHREAD 1
| #define STDC_HEADERS 1
| #define TIME_WITH_SYS_TIME 1
| #define HAVE_SYS_WAIT_H 1
| #define HAVE_SYS_IPC_H 1
| #define HAVE_SYS_SHM_H 1
| #define HAVE_LIMITS_H 1
| #define HAVE_MALLOC_H 1
| #define HAVE_STDBOOL_H 1
| #define HAVE_WCHAR_T 1
| #define HAVE_LONG_LONG_INT 1
| #define HAVE_MBSTATE_T 1
| #define HAVE_STDLIB_H 1
| #define HAVE_UNISTD_H 1
| #define HAVE_SYS_PARAM_H 1
| #define HAVE_GETPAGESIZE 1
| #define HAVE_MMAP 1
| /* end confdefs.h.  */
| #include <stdio.h>
| #ifdef HAVE_SYS_TYPES_H
| # include <sys/types.h>
| #endif
| #ifdef HAVE_SYS_STAT_H
| # include <sys/stat.h>
| #endif
| #ifdef STDC_HEADERS
| # include <stdlib.h>
| # include <stddef.h>
| #else
| # ifdef HAVE_STDLIB_H
| #  include <stdlib.h>
| # endif
| #endif
| #ifdef HAVE_STRING_H
| # if !defined STDC_HEADERS && defined HAVE_MEMORY_H
| #  include <memory.h>
| # endif
| # include <string.h>
| #endif
| #ifdef HAVE_STRINGS_H
| # include <strings.h>
| #endif
| #ifdef HAVE_INTTYPES_H
| # include <inttypes.h>
| #endif
| #ifdef HAVE_STDINT_H
| # include <stdint.h>
| #endif
| #ifdef HAVE_UNISTD_H
| # include <unistd.h>
| #endif
| #include <vfork.h>
configure:16596: result: no
configure:16596: checking vfork.h presence
configure:16596: g++ -E  conftest.cpp
conftest.cpp:44:19: fatal error: vfork.h: No such file or directory
compilation terminated.
configure:16596: $? = 1
configure: failed program was:
| /* confdefs.h */
| #define PACKAGE_NAME "tesseract"
| #define PACKAGE_TARNAME "tesseract"
| #define PACKAGE_VERSION "3.01"
| #define PACKAGE_STRING "tesseract 3.01"
| #define PACKAGE_BUGREPORT "theraysmith@gmail.com"
| #define PACKAGE_URL ""
| #define PACKAGE_NAME "tesseract"
| #define PACKAGE_VERSION "3.01"
| #define PACKAGE_YEAR "2011"
| #define PACKAGE_DATE "10/16"
| #define STDC_HEADERS 1
| #define HAVE_SYS_TYPES_H 1
| #define HAVE_SYS_STAT_H 1
| #define HAVE_STDLIB_H 1
| #define HAVE_STRING_H 1
| #define HAVE_MEMORY_H 1
| #define HAVE_STRINGS_H 1
| #define HAVE_INTTYPES_H 1
| #define HAVE_STDINT_H 1
| #define HAVE_UNISTD_H 1
| #define HAVE_DLFCN_H 1
| #define LT_OBJDIR ".libs/"
| #define PACKAGE "tesseract"
| #define VERSION "3.01"
| #define HAVE_LIBPTHREAD 1
| #define STDC_HEADERS 1
| #define TIME_WITH_SYS_TIME 1
| #define HAVE_SYS_WAIT_H 1
| #define HAVE_SYS_IPC_H 1
| #define HAVE_SYS_SHM_H 1
| #define HAVE_LIMITS_H 1
| #define HAVE_MALLOC_H 1
| #define HAVE_STDBOOL_H 1
| #define HAVE_WCHAR_T 1
| #define HAVE_LONG_LONG_INT 1
| #define HAVE_MBSTATE_T 1
| #define HAVE_STDLIB_H 1
| #define HAVE_UNISTD_H 1
| #define HAVE_SYS_PARAM_H 1
| #define HAVE_GETPAGESIZE 1
| #define HAVE_MMAP 1
| /* end confdefs.h.  */
| #include <vfork.h>
configure:16596: result: no
configure:16596: checking for vfork.h
configure:16596: result: no
configure:16609: checking for fork
configure:16609: g++ -o conftest -Wall -g -fPIC -DTESSDATA_PREFIX=/usr/share/tesseract-ocr/  -Wl,-z,defs conftest.cpp -lpthread  >&5
configure:16609: $? = 0
configure:16609: result: yes
configure:16609: checking for vfork
configure:16609: g++ -o conftest -Wall -g -fPIC -DTESSDATA_PREFIX=/usr/share/tesseract-ocr/  -Wl,-z,defs conftest.cpp -lpthread  >&5
configure:16609: $? = 0
configure:16609: result: yes
configure:16619: checking for working fork
configure:16641: g++ -o conftest -Wall -g -fPIC -DTESSDATA_PREFIX=/usr/share/tesseract-ocr/  -Wl,-z,defs conftest.cpp -lpthread  >&5
configure:16641: $? = 0
configure:16641: ./conftest
configure:16641: $? = 0
configure:16651: result: yes
configure:16672: checking for working vfork
configure:16782: result: yes
configure:16810: checking for strerror
configure:16810: g++ -o conftest -Wall -g -fPIC -DTESSDATA_PREFIX=/usr/share/tesseract-ocr/  -Wl,-z,defs conftest.cpp -lpthread  >&5
configure:16810: $? = 0
configure:16810: result: yes
configure:16810: checking for vsnprintf
configure:16810: g++ -o conftest -Wall -g -fPIC -DTESSDATA_PREFIX=/usr/share/tesseract-ocr/  -Wl,-z,defs conftest.cpp -lpthread  >&5
configure:16810: $? = 0
configure:16810: result: yes
configure:16821: checking for gethostname
configure:16821: g++ -o conftest -Wall -g -fPIC -DTESSDATA_PREFIX=/usr/share/tesseract-ocr/  -Wl,-z,defs conftest.cpp -lpthread  >&5
configure:16821: $? = 0
configure:16821: result: yes
configure:16833: checking for strchr
configure:16833: g++ -o conftest -Wall -g -fPIC -DTESSDATA_PREFIX=/usr/share/tesseract-ocr/  -Wl,-z,defs conftest.cpp -lpthread  >&5
configure:16833: $? = 0
configure:16833: result: yes
configure:16833: checking for memcpy
configure:16833: g++ -o conftest -Wall -g -fPIC -DTESSDATA_PREFIX=/usr/share/tesseract-ocr/  -Wl,-z,defs conftest.cpp -lpthread  >&5
configure:16833: $? = 0
configure:16833: result: yes
configure:16845: checking for acos
configure:16845: g++ -o conftest -Wall -g -fPIC -DTESSDATA_PREFIX=/usr/share/tesseract-ocr/  -Wl,-z,defs conftest.cpp -lpthread  >&5
configure:16845: $? = 0
configure:16845: result: yes
configure:16845: checking for asin
configure:16845: g++ -o conftest -Wall -g -fPIC -DTESSDATA_PREFIX=/usr/share/tesseract-ocr/  -Wl,-z,defs conftest.cpp -lpthread  >&5
configure:16845: $? = 0
configure:16845: result: yes
configure:16860: checking for leptonica
configure:16879: result: yes
configure:16881: checking for pixCreate in -llept
configure:16906: g++ -o conftest -Wall -g -fPIC -DTESSDATA_PREFIX=/usr/share/tesseract-ocr/  -I/usr/include/leptonica -Wl,-z,defs conftest.cpp -llept  -lpthread  >&5
configure:16906: $? = 0
configure:16915: result: yes
configure:17152: creating ./config.status

## ---------------------- ##
## Running config.status. ##
## ---------------------- ##

This file was extended by tesseract config.status 3.01, which was
generated by GNU Autoconf 2.68.  Invocation command line was

  CONFIG_FILES    = 
  CONFIG_HEADERS  = 
  CONFIG_LINKS    = 
  CONFIG_COMMANDS = 
  $ ./config.status 

on eli-aomc

config.status:1225: creating Makefile
config.status:1225: creating api/Makefile
config.status:1225: creating ccmain/Makefile
config.status:1225: creating ccstruct/Makefile
config.status:1225: creating ccutil/Makefile
config.status:1225: creating classify/Makefile
config.status:1225: creating cube/Makefile
config.status:1225: creating cutil/Makefile
config.status:1225: creating dict/Makefile
config.status:1225: creating image/Makefile
config.status:1225: creating neural_networks/runtime/Makefile
config.status:1225: creating textord/Makefile
config.status:1225: creating viewer/Makefile
config.status:1225: creating wordrec/Makefile
config.status:1225: creating training/Makefile
config.status:1225: creating tessdata/Makefile
config.status:1225: creating tessdata/configs/Makefile
config.status:1225: creating tessdata/tessconfigs/Makefile
config.status:1225: creating testing/Makefile
config.status:1225: creating java/Makefile
config.status:1225: creating java/com/Makefile
config.status:1225: creating java/com/google/Makefile
config.status:1225: creating java/com/google/scrollview/Makefile
config.status:1225: creating java/com/google/scrollview/events/Makefile
config.status:1225: creating java/com/google/scrollview/ui/Makefile
config.status:1225: creating doc/Makefile
config.status:1225: creating config_auto.h
config.status:1454: executing libtool commands
config.status:1454: executing depfiles commands

## ---------------- ##
## Cache variables. ##
## ---------------- ##

ac_cv_build=x86_64-unknown-linux-gnu
ac_cv_c_bigendian=no
ac_cv_c_compiler_gnu=yes
ac_cv_cxx_compiler_gnu=yes
ac_cv_env_CCC_set=
ac_cv_env_CCC_value=
ac_cv_env_CC_set=
ac_cv_env_CC_value=
ac_cv_env_CFLAGS_set=set
ac_cv_env_CFLAGS_value='-Wall -g -fPIC -DTESSDATA_PREFIX=/usr/share/tesseract-ocr/'
ac_cv_env_CPPFLAGS_set=set
ac_cv_env_CPPFLAGS_value=
ac_cv_env_CPP_set=
ac_cv_env_CPP_value=
ac_cv_env_CXXCPP_set=
ac_cv_env_CXXCPP_value=
ac_cv_env_CXXFLAGS_set=set
ac_cv_env_CXXFLAGS_value='-Wall -g -fPIC -DTESSDATA_PREFIX=/usr/share/tesseract-ocr/'
ac_cv_env_CXX_set=
ac_cv_env_CXX_value=
ac_cv_env_LDFLAGS_set=set
ac_cv_env_LDFLAGS_value=-Wl,-z,defs
ac_cv_env_LIBLEPT_HEADERSDIR_set=
ac_cv_env_LIBLEPT_HEADERSDIR_value=
ac_cv_env_LIBS_set=
ac_cv_env_LIBS_value=
ac_cv_env_build_alias_set=set
ac_cv_env_build_alias_value=
ac_cv_env_host_alias_set=set
ac_cv_env_host_alias_value=
ac_cv_env_target_alias_set=
ac_cv_env_target_alias_value=
ac_cv_func_acos=yes
ac_cv_func_asin=yes
ac_cv_func_fork=yes
ac_cv_func_fork_works=yes
ac_cv_func_gethostname=yes
ac_cv_func_getpagesize=yes
ac_cv_func_memcpy=yes
ac_cv_func_mmap_fixed_mapped=yes
ac_cv_func_strchr=yes
ac_cv_func_strerror=yes
ac_cv_func_vfork=yes
ac_cv_func_vfork_works=yes
ac_cv_func_vsnprintf=yes
ac_cv_header_allheaders_h=no
ac_cv_header_dlfcn_h=yes
ac_cv_header_inttypes_h=yes
ac_cv_header_limits_h=yes
ac_cv_header_malloc_h=yes
ac_cv_header_memory_h=yes
ac_cv_header_stdbool_h=yes
ac_cv_header_stdc=yes
ac_cv_header_stdint_h=yes
ac_cv_header_stdlib_h=yes
ac_cv_header_string_h=yes
ac_cv_header_strings_h=yes
ac_cv_header_sys_ipc_h=yes
ac_cv_header_sys_param_h=yes
ac_cv_header_sys_shm_h=yes
ac_cv_header_sys_stat_h=yes
ac_cv_header_sys_types_h=yes
ac_cv_header_sys_wait_h=yes
ac_cv_header_time=yes
ac_cv_header_unistd_h=yes
ac_cv_header_vfork_h=no
ac_cv_host=x86_64-unknown-linux-gnu
ac_cv_lib_lept_pixCreate=yes
ac_cv_lib_pthread_sem_init=yes
ac_cv_objext=o
ac_cv_path_EGREP='/bin/grep -E'
ac_cv_path_FGREP='/bin/grep -F'
ac_cv_path_GREP=/bin/grep
ac_cv_path_SED=/bin/sed
ac_cv_path_install='/usr/bin/install -c'
ac_cv_path_mkdir=/bin/mkdir
ac_cv_prog_AWK=mawk
ac_cv_prog_CPP='gcc -E'
ac_cv_prog_CXXCPP='g++ -E'
ac_cv_prog_ac_ct_AR=ar
ac_cv_prog_ac_ct_CC=gcc
ac_cv_prog_ac_ct_CXX=g++
ac_cv_prog_ac_ct_MANIFEST_TOOL=mt
ac_cv_prog_ac_ct_OBJDUMP=objdump
ac_cv_prog_ac_ct_RANLIB=ranlib
ac_cv_prog_ac_ct_STRIP=strip
ac_cv_prog_cc_c89=
ac_cv_prog_cc_g=yes
ac_cv_prog_cxx_g=yes
ac_cv_prog_make_make_set=yes
ac_cv_sys_file_offset_bits=no
ac_cv_sys_interpreter=yes
ac_cv_sys_largefile_CC=no
ac_cv_type__Bool=no
ac_cv_type_long_long_int=yes
ac_cv_type_mbstate_t=yes
ac_cv_type_pid_t=yes
ac_cv_type_size_t=yes
ac_cv_type_wchar_t=yes
am_cv_CC_dependencies_compiler_type=gcc3
am_cv_CXX_dependencies_compiler_type=gcc3
lt_cv_ar_at_file=@
lt_cv_archive_cmds_need_lc=no
lt_cv_deplibs_check_method=pass_all
lt_cv_file_magic_cmd='$MAGIC_CMD'
lt_cv_file_magic_test_file=
lt_cv_ld_reload_flag=-r
lt_cv_nm_interface='BSD nm'
lt_cv_objdir=.libs
lt_cv_path_LD=/usr/bin/ld
lt_cv_path_LDCXX='/usr/bin/ld -m elf_x86_64'
lt_cv_path_NM='/usr/bin/nm -B'
lt_cv_path_mainfest_tool=no
lt_cv_prog_compiler_c_o=yes
lt_cv_prog_compiler_c_o_CXX=yes
lt_cv_prog_compiler_pic='-fPIC -DPIC'
lt_cv_prog_compiler_pic_CXX='-fPIC -DPIC'
lt_cv_prog_compiler_pic_works=yes
lt_cv_prog_compiler_pic_works_CXX=yes
lt_cv_prog_compiler_rtti_exceptions=no
lt_cv_prog_compiler_static_works=yes
lt_cv_prog_compiler_static_works_CXX=yes
lt_cv_prog_gnu_ld=yes
lt_cv_prog_gnu_ldcxx=yes
lt_cv_sharedlib_from_linklib_cmd='printf %s\n'
lt_cv_shlibpath_overrides_runpath=no
lt_cv_sys_global_symbol_pipe='sed -n -e '\''s/^.*[	 ]\([ABCDGIRSTW][ABCDGIRSTW]*\)[	 ][	 ]*\([_A-Za-z][_A-Za-z0-9]*\)$/\1 \2 \2/p'\'' | sed '\''/ __gnu_lto/d'\'''
lt_cv_sys_global_symbol_to_c_name_address='sed -n -e '\''s/^: \([^ ]*\)[ ]*$/  {\"\1\", (void *) 0},/p'\'' -e '\''s/^[ABCDGIRSTW]* \([^ ]*\) \([^ ]*\)$/  {"\2", (void *) \&\2},/p'\'''
lt_cv_sys_global_symbol_to_c_name_address_lib_prefix='sed -n -e '\''s/^: \([^ ]*\)[ ]*$/  {\"\1\", (void *) 0},/p'\'' -e '\''s/^[ABCDGIRSTW]* \([^ ]*\) \(lib[^ ]*\)$/  {"\2", (void *) \&\2},/p'\'' -e '\''s/^[ABCDGIRSTW]* \([^ ]*\) \([^ ]*\)$/  {"lib\2", (void *) \&\2},/p'\'''
lt_cv_sys_global_symbol_to_cdecl='sed -n -e '\''s/^T .* \(.*\)$/extern int \1();/p'\'' -e '\''s/^[ABCDGIRSTW]* .* \(.*\)$/extern char \1;/p'\'''
lt_cv_sys_max_cmd_len=3458764513820540925
lt_cv_to_host_file_cmd=func_convert_file_noop
lt_cv_to_tool_file_cmd=func_convert_file_noop

## ----------------- ##
## Output variables. ##
## ----------------- ##

ACLOCAL='${SHELL} /home/eli/Desktop/tesseract/tesseract-3.01/config/missing --run aclocal-1.11'
AMDEPBACKSLASH='\'
AMDEP_FALSE='#'
AMDEP_TRUE=''
AMTAR='${SHELL} /home/eli/Desktop/tesseract/tesseract-3.01/config/missing --run tar'
AR='ar'
AUTOCONF='${SHELL} /home/eli/Desktop/tesseract/tesseract-3.01/config/missing --run autoconf'
AUTOHEADER='${SHELL} /home/eli/Desktop/tesseract/tesseract-3.01/config/missing --run autoheader'
AUTOMAKE='${SHELL} /home/eli/Desktop/tesseract/tesseract-3.01/config/missing --run automake-1.11'
AWK='mawk'
CC='gcc'
CCDEPMODE='depmode=gcc3'
CFLAGS='-Wall -g -fPIC -DTESSDATA_PREFIX=/usr/share/tesseract-ocr/'
CPP='gcc -E'
CPPFLAGS=' -I/usr/include/leptonica'
CXX='g++'
CXXCPP='g++ -E'
CXXDEPMODE='depmode=gcc3'
CXXFLAGS='-Wall -g -fPIC -DTESSDATA_PREFIX=/usr/share/tesseract-ocr/'
CYGPATH_W='echo'
DEFS='-DHAVE_CONFIG_H'
DEPDIR='.deps'
DLLTOOL='false'
DSYMUTIL=''
DUMPBIN=''
ECHO_C=''
ECHO_N='-n'
ECHO_T=''
EGREP='/bin/grep -E'
EXEEXT=''
FGREP='/bin/grep -F'
GENERIC_API_VERSION='3.1'
GENERIC_LIBRARY_NAME='tesseract'
GENERIC_LIBRARY_VERSION='3:1'
GENERIC_MAJOR_VERSION='3'
GENERIC_RELEASE='3.1'
GENERIC_VERSION='3.1.0'
GREP='/bin/grep'
INSTALL_DATA='${INSTALL} -m 644'
INSTALL_PROGRAM='${INSTALL}'
INSTALL_SCRIPT='${INSTALL}'
INSTALL_STRIP_PROGRAM='$(install_sh) -c -s'
LD='/usr/bin/ld -m elf_x86_64'
LDFLAGS='-Wl,-z,defs'
LIBLEPT_HEADERSDIR='/usr/local/include /usr/include'
LIBOBJS=''
LIBS='-llept -lpthread '
LIBTOOL='$(SHELL) $(top_builddir)/libtool'
LIPO=''
LN_S='ln -s'
LTLIBOBJS=''
MAINT='#'
MAINTAINER_MODE_FALSE=''
MAINTAINER_MODE_TRUE='#'
MAKEINFO='${SHELL} /home/eli/Desktop/tesseract/tesseract-3.01/config/missing --run makeinfo'
MANIFEST_TOOL=':'
MKDIR_P='/bin/mkdir -p'
NM='/usr/bin/nm -B'
NMEDIT=''
OBJDUMP='objdump'
OBJEXT='o'
OTOOL64=''
OTOOL=''
PACKAGE='tesseract'
PACKAGE_BUGREPORT='theraysmith@gmail.com'
PACKAGE_DATE='10/16'
PACKAGE_NAME='tesseract'
PACKAGE_STRING='tesseract 3.01'
PACKAGE_TARNAME='tesseract'
PACKAGE_URL=''
PACKAGE_VERSION='3.01'
PACKAGE_YEAR='2011'
PATH_SEPARATOR=':'
RANLIB='ranlib'
SED='/bin/sed'
SET_MAKE=''
SHELL='/bin/bash'
STRIP='strip'
USING_CL_FALSE=''
USING_CL_TRUE='#'
USING_MULTIPLELIBS_FALSE=''
USING_MULTIPLELIBS_TRUE='#'
VERSION='3.01'
ac_ct_AR='ar'
ac_ct_CC='gcc'
ac_ct_CXX='g++'
ac_ct_DUMPBIN=''
am__EXEEXT_FALSE=''
am__EXEEXT_TRUE='#'
am__fastdepCC_FALSE='#'
am__fastdepCC_TRUE=''
am__fastdepCXX_FALSE='#'
am__fastdepCXX_TRUE=''
am__include='include'
am__isrc=''
am__leading_dot='.'
am__quote=''
am__tar='${AMTAR} chof - "$$tardir"'
am__untar='${AMTAR} xf -'
bindir='${exec_prefix}/bin'
build='x86_64-unknown-linux-gnu'
build_alias=''
build_cpu='x86_64'
build_os='linux-gnu'
build_vendor='unknown'
datadir='${datarootdir}'
datarootdir='${prefix}/share'
docdir='${datarootdir}/doc/${PACKAGE_TARNAME}'
dvidir='${docdir}'
exec_prefix='${prefix}'
host='x86_64-unknown-linux-gnu'
host_alias=''
host_cpu='x86_64'
host_os='linux-gnu'
host_vendor='unknown'
htmldir='${docdir}'
includedir='${prefix}/include/tesseract'
infodir='${prefix}/share/info'
install_sh='${SHELL} /home/eli/Desktop/tesseract/tesseract-3.01/config/install-sh'
libdir='${exec_prefix}/lib'
libexecdir='${exec_prefix}/libexec'
localedir='${datarootdir}/locale'
localstatedir='${prefix}/var'
mandir='${prefix}/share/man'
mkdir_p='/bin/mkdir -p'
oldincludedir='/usr/include'
pdfdir='${docdir}'
prefix='/usr'
program_transform_name='s,x,x,'
psdir='${docdir}'
sbindir='${exec_prefix}/sbin'
sharedstatedir='${prefix}/com'
sysconfdir='${prefix}/etc'
target_alias=''

## ----------- ##
## confdefs.h. ##
## ----------- ##

/* confdefs.h */
#define PACKAGE_NAME "tesseract"
#define PACKAGE_TARNAME "tesseract"
#define PACKAGE_VERSION "3.01"
#define PACKAGE_STRING "tesseract 3.01"
#define PACKAGE_BUGREPORT "theraysmith@gmail.com"
#define PACKAGE_URL ""
#define PACKAGE_NAME "tesseract"
#define PACKAGE_VERSION "3.01"
#define PACKAGE_YEAR "2011"
#define PACKAGE_DATE "10/16"
#define STDC_HEADERS 1
#define HAVE_SYS_TYPES_H 1
#define HAVE_SYS_STAT_H 1
#define HAVE_STDLIB_H 1
#define HAVE_STRING_H 1
#define HAVE_MEMORY_H 1
#define HAVE_STRINGS_H 1
#define HAVE_INTTYPES_H 1
#define HAVE_STDINT_H 1
#define HAVE_UNISTD_H 1
#define HAVE_DLFCN_H 1
#define LT_OBJDIR ".libs/"
#define PACKAGE "tesseract"
#define VERSION "3.01"
#define HAVE_LIBPTHREAD 1
#define STDC_HEADERS 1
#define TIME_WITH_SYS_TIME 1
#define HAVE_SYS_WAIT_H 1
#define HAVE_SYS_IPC_H 1
#define HAVE_SYS_SHM_H 1
#define HAVE_LIMITS_H 1
#define HAVE_MALLOC_H 1
#define HAVE_STDBOOL_H 1
#define HAVE_WCHAR_T 1
#define HAVE_LONG_LONG_INT 1
#define HAVE_MBSTATE_T 1
#define HAVE_STDLIB_H 1
#define HAVE_UNISTD_H 1
#define HAVE_SYS_PARAM_H 1
#define HAVE_GETPAGESIZE 1
#define HAVE_MMAP 1
#define HAVE_FORK 1
#define HAVE_VFORK 1
#define HAVE_WORKING_VFORK 1
#define HAVE_WORKING_FORK 1
#define HAVE_STRERROR 1
#define HAVE_VSNPRINTF 1
#define HAVE_GETHOSTNAME 1
#define HAVE_STRCHR 1
#define HAVE_MEMCPY 1
#define HAVE_ACOS 1
#define HAVE_ASIN 1
#define HAVE_LIBLEPT 1

configure: exit 0
