This file contains any messages produced by compilers while
running configure, to aid debugging if configure makes a mistake.

It was created by python-tesseract configure 0.5, which was
generated by GNU Autoconf 2.67.  Invocation command line was

  $ ./configure 

## --------- ##
## Platform. ##
## --------- ##

hostname = eli-aomc
uname -m = x86_64
uname -r = 2.6.38-11-generic
uname -s = Linux
uname -v = #48-Ubuntu SMP Fri Jul 29 19:02:55 UTC 2011

/usr/bin/uname -p = unknown
/bin/uname -X     = unknown

/bin/arch              = unknown
/usr/bin/arch -k       = unknown
/usr/convex/getsysinfo = unknown
/usr/bin/hostinfo      = unknown
/bin/machine           = unknown
/usr/bin/oslevel       = unknown
/bin/universe          = unknown

PATH: /usr/local/bin
PATH: /usr/bin
PATH: /bin
PATH: /home/eli/.bin


## ----------- ##
## Core tests. ##
## ----------- ##

configure:2279: checking for g++
configure:2295: found /usr/bin/g++
configure:2306: result: g++
configure:2333: checking for C++ compiler version
configure:2342: g++ --version >&5
g++ (Ubuntu/Linaro 4.5.2-8ubuntu4) 4.5.2
Copyright (C) 2010 Free Software Foundation, Inc.
This is free software; see the source for copying conditions.  There is NO
warranty; not even for MERCHANTABILITY or FITNESS FOR A PARTICULAR PURPOSE.

configure:2353: $? = 0
configure:2342: g++ -v >&5
Using built-in specs.
COLLECT_GCC=g++
COLLECT_LTO_WRAPPER=/usr/lib/x86_64-linux-gnu/gcc/x86_64-linux-gnu/4.5.2/lto-wrapper
Target: x86_64-linux-gnu
Configured with: ../src/configure -v --with-pkgversion='Ubuntu/Linaro 4.5.2-8ubuntu4' --with-bugurl=file:///usr/share/doc/gcc-4.5/README.Bugs --enable-languages=c,c++,fortran,objc,obj-c++ --prefix=/usr --program-suffix=-4.5 --enable-shared --enable-multiarch --with-multiarch-defaults=x86_64-linux-gnu --enable-linker-build-id --with-system-zlib --libexecdir=/usr/lib/x86_64-linux-gnu --without-included-gettext --enable-threads=posix --with-gxx-include-dir=/usr/include/c++/4.5 --libdir=/usr/lib/x86_64-linux-gnu --enable-nls --with-sysroot=/ --enable-clocale=gnu --enable-libstdcxx-debug --enable-libstdcxx-time=yes --enable-plugin --enable-gold --enable-ld=default --with-plugin-ld=ld.gold --enable-objc-gc --disable-werror --with-arch-32=i686 --with-tune=generic --enable-checking=release --build=x86_64-linux-gnu --host=x86_64-linux-gnu --target=x86_64-linux-gnu
Thread model: posix
gcc version 4.5.2 (Ubuntu/Linaro 4.5.2-8ubuntu4) 
configure:2353: $? = 0
configure:2342: g++ -V >&5
g++: '-V' option must have argument
configure:2353: $? = 1
configure:2342: g++ -qversion >&5
g++: unrecognized option '-qversion'
g++: no input files
configure:2353: $? = 1
configure:2373: checking whether the C++ compiler works
configure:2395: g++    conftest.cpp  >&5
configure:2399: $? = 0
configure:2447: result: yes
configure:2450: checking for C++ compiler default output file name
configure:2452: result: a.out
configure:2458: checking for suffix of executables
configure:2465: g++ -o conftest    conftest.cpp  >&5
configure:2469: $? = 0
configure:2491: result: 
configure:2513: checking whether we are cross compiling
configure:2521: g++ -o conftest    conftest.cpp  >&5
configure:2525: $? = 0
configure:2532: ./conftest
configure:2536: $? = 0
configure:2551: result: no
configure:2556: checking for suffix of object files
configure:2578: g++ -c   conftest.cpp >&5
configure:2582: $? = 0
configure:2603: result: o
configure:2607: checking whether we are using the GNU C++ compiler
configure:2626: g++ -c   conftest.cpp >&5
configure:2626: $? = 0
configure:2635: result: yes
configure:2644: checking whether g++ accepts -g
configure:2664: g++ -c -g  conftest.cpp >&5
configure:2664: $? = 0
configure:2705: result: yes
configure:2776: checking for gcc
configure:2792: found /usr/bin/gcc
configure:2803: result: gcc
configure:3032: checking for C compiler version
configure:3041: gcc --version >&5
gcc (Ubuntu/Linaro 4.5.2-8ubuntu4) 4.5.2
Copyright (C) 2010 Free Software Foundation, Inc.
This is free software; see the source for copying conditions.  There is NO
warranty; not even for MERCHANTABILITY or FITNESS FOR A PARTICULAR PURPOSE.

configure:3052: $? = 0
configure:3041: gcc -v >&5
Using built-in specs.
COLLECT_GCC=gcc
COLLECT_LTO_WRAPPER=/usr/lib/x86_64-linux-gnu/gcc/x86_64-linux-gnu/4.5.2/lto-wrapper
Target: x86_64-linux-gnu
Configured with: ../src/configure -v --with-pkgversion='Ubuntu/Linaro 4.5.2-8ubuntu4' --with-bugurl=file:///usr/share/doc/gcc-4.5/README.Bugs --enable-languages=c,c++,fortran,objc,obj-c++ --prefix=/usr --program-suffix=-4.5 --enable-shared --enable-multiarch --with-multiarch-defaults=x86_64-linux-gnu --enable-linker-build-id --with-system-zlib --libexecdir=/usr/lib/x86_64-linux-gnu --without-included-gettext --enable-threads=posix --with-gxx-include-dir=/usr/include/c++/4.5 --libdir=/usr/lib/x86_64-linux-gnu --enable-nls --with-sysroot=/ --enable-clocale=gnu --enable-libstdcxx-debug --enable-libstdcxx-time=yes --enable-plugin --enable-gold --enable-ld=default --with-plugin-ld=ld.gold --enable-objc-gc --disable-werror --with-arch-32=i686 --with-tune=generic --enable-checking=release --build=x86_64-linux-gnu --host=x86_64-linux-gnu --target=x86_64-linux-gnu
Thread model: posix
gcc version 4.5.2 (Ubuntu/Linaro 4.5.2-8ubuntu4) 
configure:3052: $? = 0
configure:3041: gcc -V >&5
gcc: '-V' option must have argument
configure:3052: $? = 1
configure:3041: gcc -qversion >&5
gcc: unrecognized option '-qversion'
gcc: no input files
configure:3052: $? = 1
configure:3056: checking whether we are using the GNU C compiler
configure:3075: gcc -c   conftest.c >&5
configure:3075: $? = 0
configure:3084: result: yes
configure:3093: checking whether gcc accepts -g
configure:3113: gcc -c -g  conftest.c >&5
configure:3113: $? = 0
configure:3154: result: yes
configure:3171: checking for gcc option to accept ISO C89
configure:3235: gcc  -c -g -O2  conftest.c >&5
configure:3235: $? = 0
configure:3248: result: none needed
configure:3284: checking uname -s for detecting host operating system
configure:3301: result: Linux
configure:3317: checking uname -m for detecting host operating system architecture
configure:3330: result: x64 feel teh power
configure:3356: checking how to run the C preprocessor
configure:3387: gcc -E  conftest.c
configure:3387: $? = 0
configure:3401: gcc -E  conftest.c
conftest.c:11:28: fatal error: ac_nonexistent.h: No such file or directory
compilation terminated.
configure:3401: $? = 1
configure: failed program was:
| /* confdefs.h */
| #define PACKAGE_NAME "python-tesseract"
| #define PACKAGE_TARNAME "python-tesseract"
| #define PACKAGE_VERSION "0.5"
| #define PACKAGE_STRING "python-tesseract 0.5"
| #define PACKAGE_BUGREPORT "freetogo@gmail.com"
| #define PACKAGE_URL ""
| #define OSNAME 1
| #define X64 1
| /* end confdefs.h.  */
| #include <ac_nonexistent.h>
configure:3426: result: gcc -E
configure:3446: gcc -E  conftest.c
configure:3446: $? = 0
configure:3460: gcc -E  conftest.c
conftest.c:11:28: fatal error: ac_nonexistent.h: No such file or directory
compilation terminated.
configure:3460: $? = 1
configure: failed program was:
| /* confdefs.h */
| #define PACKAGE_NAME "python-tesseract"
| #define PACKAGE_TARNAME "python-tesseract"
| #define PACKAGE_VERSION "0.5"
| #define PACKAGE_STRING "python-tesseract 0.5"
| #define PACKAGE_BUGREPORT "freetogo@gmail.com"
| #define PACKAGE_URL ""
| #define OSNAME 1
| #define X64 1
| /* end confdefs.h.  */
| #include <ac_nonexistent.h>
configure:3489: checking for grep that handles long lines and -e
configure:3547: result: /bin/grep
configure:3552: checking for egrep
configure:3614: result: /bin/grep -E
configure:3619: checking for ANSI C header files
configure:3639: gcc -c -g -O2  conftest.c >&5
configure:3639: $? = 0
configure:3712: gcc -o conftest -g -O2   conftest.c  >&5
configure:3712: $? = 0
configure:3712: ./conftest
configure:3712: $? = 0
configure:3723: result: yes
configure:3736: checking for sys/types.h
configure:3736: gcc -c -g -O2  conftest.c >&5
configure:3736: $? = 0
configure:3736: result: yes
configure:3736: checking for sys/stat.h
configure:3736: gcc -c -g -O2  conftest.c >&5
configure:3736: $? = 0
configure:3736: result: yes
configure:3736: checking for stdlib.h
configure:3736: gcc -c -g -O2  conftest.c >&5
configure:3736: $? = 0
configure:3736: result: yes
configure:3736: checking for string.h
configure:3736: gcc -c -g -O2  conftest.c >&5
configure:3736: $? = 0
configure:3736: result: yes
configure:3736: checking for memory.h
configure:3736: gcc -c -g -O2  conftest.c >&5
configure:3736: $? = 0
configure:3736: result: yes
configure:3736: checking for strings.h
configure:3736: gcc -c -g -O2  conftest.c >&5
configure:3736: $? = 0
configure:3736: result: yes
configure:3736: checking for inttypes.h
configure:3736: gcc -c -g -O2  conftest.c >&5
configure:3736: $? = 0
configure:3736: result: yes
configure:3736: checking for stdint.h
configure:3736: gcc -c -g -O2  conftest.c >&5
configure:3736: $? = 0
configure:3736: result: yes
configure:3736: checking for unistd.h
configure:3736: gcc -c -g -O2  conftest.c >&5
configure:3736: $? = 0
configure:3736: result: yes
configure:3751: checking arpa/inet.h usability
configure:3751: gcc -c -g -O2  conftest.c >&5
configure:3751: $? = 0
configure:3751: result: yes
configure:3751: checking arpa/inet.h presence
configure:3751: gcc -E  conftest.c
configure:3751: $? = 0
configure:3751: result: yes
configure:3751: checking for arpa/inet.h
configure:3751: result: yes
configure:3751: checking fcntl.h usability
configure:3751: gcc -c -g -O2  conftest.c >&5
configure:3751: $? = 0
configure:3751: result: yes
configure:3751: checking fcntl.h presence
configure:3751: gcc -E  conftest.c
configure:3751: $? = 0
configure:3751: result: yes
configure:3751: checking for fcntl.h
configure:3751: result: yes
configure:3751: checking float.h usability
configure:3751: gcc -c -g -O2  conftest.c >&5
configure:3751: $? = 0
configure:3751: result: yes
configure:3751: checking float.h presence
configure:3751: gcc -E  conftest.c
configure:3751: $? = 0
configure:3751: result: yes
configure:3751: checking for float.h
configure:3751: result: yes
configure:3751: checking for inttypes.h
configure:3751: result: yes
configure:3751: checking libintl.h usability
configure:3751: gcc -c -g -O2  conftest.c >&5
configure:3751: $? = 0
configure:3751: result: yes
configure:3751: checking libintl.h presence
configure:3751: gcc -E  conftest.c
configure:3751: $? = 0
configure:3751: result: yes
configure:3751: checking for libintl.h
configure:3751: result: yes
configure:3751: checking limits.h usability
configure:3751: gcc -c -g -O2  conftest.c >&5
configure:3751: $? = 0
configure:3751: result: yes
configure:3751: checking limits.h presence
configure:3751: gcc -E  conftest.c
configure:3751: $? = 0
configure:3751: result: yes
configure:3751: checking for limits.h
configure:3751: result: yes
configure:3751: checking locale.h usability
configure:3751: gcc -c -g -O2  conftest.c >&5
configure:3751: $? = 0
configure:3751: result: yes
configure:3751: checking locale.h presence
configure:3751: gcc -E  conftest.c
configure:3751: $? = 0
configure:3751: result: yes
configure:3751: checking for locale.h
configure:3751: result: yes
configure:3751: checking netdb.h usability
configure:3751: gcc -c -g -O2  conftest.c >&5
configure:3751: $? = 0
configure:3751: result: yes
configure:3751: checking netdb.h presence
configure:3751: gcc -E  conftest.c
configure:3751: $? = 0
configure:3751: result: yes
configure:3751: checking for netdb.h
configure:3751: result: yes
configure:3751: checking netinet/in.h usability
configure:3751: gcc -c -g -O2  conftest.c >&5
configure:3751: $? = 0
configure:3751: result: yes
configure:3751: checking netinet/in.h presence
configure:3751: gcc -E  conftest.c
configure:3751: $? = 0
configure:3751: result: yes
configure:3751: checking for netinet/in.h
configure:3751: result: yes
configure:3751: checking for stdint.h
configure:3751: result: yes
configure:3751: checking for stdlib.h
configure:3751: result: yes
configure:3751: checking for string.h
configure:3751: result: yes
configure:3751: checking sys/socket.h usability
configure:3751: gcc -c -g -O2  conftest.c >&5
configure:3751: $? = 0
configure:3751: result: yes
configure:3751: checking sys/socket.h presence
configure:3751: gcc -E  conftest.c
configure:3751: $? = 0
configure:3751: result: yes
configure:3751: checking for sys/socket.h
configure:3751: result: yes
configure:3751: checking sys/time.h usability
configure:3751: gcc -c -g -O2  conftest.c >&5
configure:3751: $? = 0
configure:3751: result: yes
configure:3751: checking sys/time.h presence
configure:3751: gcc -E  conftest.c
configure:3751: $? = 0
configure:3751: result: yes
configure:3751: checking for sys/time.h
configure:3751: result: yes
configure:3751: checking syslog.h usability
configure:3751: gcc -c -g -O2  conftest.c >&5
configure:3751: $? = 0
configure:3751: result: yes
configure:3751: checking syslog.h presence
configure:3751: gcc -E  conftest.c
configure:3751: $? = 0
configure:3751: result: yes
configure:3751: checking for syslog.h
configure:3751: result: yes
configure:3751: checking for unistd.h
configure:3751: result: yes
configure:3763: checking for stdbool.h that conforms to C99
configure:3848: gcc -c -g -O2  conftest.c >&5
configure:3848: $? = 0
configure:3855: result: yes
configure:3857: checking for _Bool
configure:3857: gcc -c -g -O2  conftest.c >&5
configure:3857: $? = 0
configure:3857: gcc -c -g -O2  conftest.c >&5
conftest.c: In function 'main':
conftest.c:73:20: error: expected expression before ')' token
configure:3857: $? = 1
configure: failed program was:
| /* confdefs.h */
| #define PACKAGE_NAME "python-tesseract"
| #define PACKAGE_TARNAME "python-tesseract"
| #define PACKAGE_VERSION "0.5"
| #define PACKAGE_STRING "python-tesseract 0.5"
| #define PACKAGE_BUGREPORT "freetogo@gmail.com"
| #define PACKAGE_URL ""
| #define OSNAME 1
| #define X64 1
| #define STDC_HEADERS 1
| #define HAVE_SYS_TYPES_H 1
| #define HAVE_SYS_STAT_H 1
| #define HAVE_STDLIB_H 1
| #define HAVE_STRING_H 1
| #define HAVE_MEMORY_H 1
| #define HAVE_STRINGS_H 1
| #define HAVE_INTTYPES_H 1
| #define HAVE_STDINT_H 1
| #define HAVE_UNISTD_H 1
| #define HAVE_ARPA_INET_H 1
| #define HAVE_FCNTL_H 1
| #define HAVE_FLOAT_H 1
| #define HAVE_INTTYPES_H 1
| #define HAVE_LIBINTL_H 1
| #define HAVE_LIMITS_H 1
| #define HAVE_LOCALE_H 1
| #define HAVE_NETDB_H 1
| #define HAVE_NETINET_IN_H 1
| #define HAVE_STDINT_H 1
| #define HAVE_STDLIB_H 1
| #define HAVE_STRING_H 1
| #define HAVE_SYS_SOCKET_H 1
| #define HAVE_SYS_TIME_H 1
| #define HAVE_SYSLOG_H 1
| #define HAVE_UNISTD_H 1
| /* end confdefs.h.  */
| #include <stdio.h>
| #ifdef HAVE_SYS_TYPES_H
| # include <sys/types.h>
| #endif
| #ifdef HAVE_SYS_STAT_H
| # include <sys/stat.h>
| #endif
| #ifdef STDC_HEADERS
| # include <stdlib.h>
| # include <stddef.h>
| #else
| # ifdef HAVE_STDLIB_H
| #  include <stdlib.h>
| # endif
| #endif
| #ifdef HAVE_STRING_H
| # if !defined STDC_HEADERS && defined HAVE_MEMORY_H
| #  include <memory.h>
| # endif
| # include <string.h>
| #endif
| #ifdef HAVE_STRINGS_H
| # include <strings.h>
| #endif
| #ifdef HAVE_INTTYPES_H
| # include <inttypes.h>
| #endif
| #ifdef HAVE_STDINT_H
| # include <stdint.h>
| #endif
| #ifdef HAVE_UNISTD_H
| # include <unistd.h>
| #endif
| int
| main ()
| {
| if (sizeof ((_Bool)))
| 	    return 0;
|   ;
|   return 0;
| }
configure:3857: result: yes
configure:3873: checking for C/C++ restrict keyword
configure:3898: gcc -c -g -O2  conftest.c >&5
configure:3898: $? = 0
configure:3906: result: __restrict
configure:3919: checking for size_t
configure:3919: gcc -c -g -O2  conftest.c >&5
configure:3919: $? = 0
configure:3919: gcc -c -g -O2  conftest.c >&5
conftest.c: In function 'main':
conftest.c:76:21: error: expected expression before ')' token
configure:3919: $? = 1
configure: failed program was:
| /* confdefs.h */
| #define PACKAGE_NAME "python-tesseract"
| #define PACKAGE_TARNAME "python-tesseract"
| #define PACKAGE_VERSION "0.5"
| #define PACKAGE_STRING "python-tesseract 0.5"
| #define PACKAGE_BUGREPORT "freetogo@gmail.com"
| #define PACKAGE_URL ""
| #define OSNAME 1
| #define X64 1
| #define STDC_HEADERS 1
| #define HAVE_SYS_TYPES_H 1
| #define HAVE_SYS_STAT_H 1
| #define HAVE_STDLIB_H 1
| #define HAVE_STRING_H 1
| #define HAVE_MEMORY_H 1
| #define HAVE_STRINGS_H 1
| #define HAVE_INTTYPES_H 1
| #define HAVE_STDINT_H 1
| #define HAVE_UNISTD_H 1
| #define HAVE_ARPA_INET_H 1
| #define HAVE_FCNTL_H 1
| #define HAVE_FLOAT_H 1
| #define HAVE_INTTYPES_H 1
| #define HAVE_LIBINTL_H 1
| #define HAVE_LIMITS_H 1
| #define HAVE_LOCALE_H 1
| #define HAVE_NETDB_H 1
| #define HAVE_NETINET_IN_H 1
| #define HAVE_STDINT_H 1
| #define HAVE_STDLIB_H 1
| #define HAVE_STRING_H 1
| #define HAVE_SYS_SOCKET_H 1
| #define HAVE_SYS_TIME_H 1
| #define HAVE_SYSLOG_H 1
| #define HAVE_UNISTD_H 1
| #define HAVE__BOOL 1
| #define HAVE_STDBOOL_H 1
| #define restrict __restrict
| /* end confdefs.h.  */
| #include <stdio.h>
| #ifdef HAVE_SYS_TYPES_H
| # include <sys/types.h>
| #endif
| #ifdef HAVE_SYS_STAT_H
| # include <sys/stat.h>
| #endif
| #ifdef STDC_HEADERS
| # include <stdlib.h>
| # include <stddef.h>
| #else
| # ifdef HAVE_STDLIB_H
| #  include <stdlib.h>
| # endif
| #endif
| #ifdef HAVE_STRING_H
| # if !defined STDC_HEADERS && defined HAVE_MEMORY_H
| #  include <memory.h>
| # endif
| # include <string.h>
| #endif
| #ifdef HAVE_STRINGS_H
| # include <strings.h>
| #endif
| #ifdef HAVE_INTTYPES_H
| # include <inttypes.h>
| #endif
| #ifdef HAVE_STDINT_H
| # include <stdint.h>
| #endif
| #ifdef HAVE_UNISTD_H
| # include <unistd.h>
| #endif
| int
| main ()
| {
| if (sizeof ((size_t)))
| 	    return 0;
|   ;
|   return 0;
| }
configure:3919: result: yes
configure:3930: checking for uint16_t
configure:3930: gcc -c -g -O2  conftest.c >&5
configure:3930: $? = 0
configure:3930: result: yes
configure:3942: checking for uint32_t
configure:3942: gcc -c -g -O2  conftest.c >&5
configure:3942: $? = 0
configure:3942: result: yes
configure:3958: checking for error_at_line
configure:3974: gcc -o conftest -g -O2   conftest.c  >&5
configure:3974: $? = 0
configure:3982: result: yes
configure:3995: checking for stdlib.h
configure:3995: result: yes
configure:4005: checking for GNU libc compatible malloc
configure:4029: gcc -o conftest -g -O2   conftest.c  >&5
configure:4029: $? = 0
configure:4029: ./conftest
configure:4029: $? = 0
configure:4039: result: yes
configure:4063: checking for floor
configure:4063: gcc -o conftest -g -O2   conftest.c  >&5
conftest.c:65:6: warning: conflicting types for built-in function 'floor'
/tmp/ccqBQGXn.o: In function `main':
/home/eli/Desktop/svn/python-tesseract/python-tesseract-0.5/conftest.c:76: undefined reference to `floor'
collect2: ld returned 1 exit status
configure:4063: $? = 1
configure: failed program was:
| /* confdefs.h */
| #define PACKAGE_NAME "python-tesseract"
| #define PACKAGE_TARNAME "python-tesseract"
| #define PACKAGE_VERSION "0.5"
| #define PACKAGE_STRING "python-tesseract 0.5"
| #define PACKAGE_BUGREPORT "freetogo@gmail.com"
| #define PACKAGE_URL ""
| #define OSNAME 1
| #define X64 1
| #define STDC_HEADERS 1
| #define HAVE_SYS_TYPES_H 1
| #define HAVE_SYS_STAT_H 1
| #define HAVE_STDLIB_H 1
| #define HAVE_STRING_H 1
| #define HAVE_MEMORY_H 1
| #define HAVE_STRINGS_H 1
| #define HAVE_INTTYPES_H 1
| #define HAVE_STDINT_H 1
| #define HAVE_UNISTD_H 1
| #define HAVE_ARPA_INET_H 1
| #define HAVE_FCNTL_H 1
| #define HAVE_FLOAT_H 1
| #define HAVE_INTTYPES_H 1
| #define HAVE_LIBINTL_H 1
| #define HAVE_LIMITS_H 1
| #define HAVE_LOCALE_H 1
| #define HAVE_NETDB_H 1
| #define HAVE_NETINET_IN_H 1
| #define HAVE_STDINT_H 1
| #define HAVE_STDLIB_H 1
| #define HAVE_STRING_H 1
| #define HAVE_SYS_SOCKET_H 1
| #define HAVE_SYS_TIME_H 1
| #define HAVE_SYSLOG_H 1
| #define HAVE_UNISTD_H 1
| #define HAVE__BOOL 1
| #define HAVE_STDBOOL_H 1
| #define restrict __restrict
| #define HAVE_STDLIB_H 1
| #define HAVE_MALLOC 1
| /* end confdefs.h.  */
| /* Define floor to an innocuous variant, in case <limits.h> declares floor.
|    For example, HP-UX 11i <limits.h> declares gettimeofday.  */
| #define floor innocuous_floor
| 
| /* System header to define __stub macros and hopefully few prototypes,
|     which can conflict with char floor (); below.
|     Prefer <limits.h> to <assert.h> if __STDC__ is defined, since
|     <limits.h> exists even on freestanding compilers.  */
| 
| #ifdef __STDC__
| # include <limits.h>
| #else
| # include <assert.h>
| #endif
| 
| #undef floor
| 
| /* Override any GCC internal prototype to avoid an error.
|    Use char because int might match the return type of a GCC
|    builtin and then its argument prototype would still apply.  */
| #ifdef __cplusplus
| extern "C"
| #endif
| char floor ();
| /* The GNU C library defines this for functions which it implements
|     to always fail with ENOSYS.  Some functions are actually named
|     something starting with __ and the normal name is an alias.  */
| #if defined __stub_floor || defined __stub___floor
| choke me
| #endif
| 
| int
| main ()
| {
| return floor ();
|   ;
|   return 0;
| }
configure:4063: result: no
configure:4063: checking for memset
configure:4063: gcc -o conftest -g -O2   conftest.c  >&5
conftest.c:65:6: warning: conflicting types for built-in function 'memset'
configure:4063: $? = 0
configure:4063: result: yes
configure:4063: checking for setlocale
configure:4063: gcc -o conftest -g -O2   conftest.c  >&5
configure:4063: $? = 0
configure:4063: result: yes
configure:4063: checking for strdup
configure:4063: gcc -o conftest -g -O2   conftest.c  >&5
conftest.c:67:6: warning: conflicting types for built-in function 'strdup'
configure:4063: $? = 0
configure:4063: result: yes
configure:4063: checking for strrchr
configure:4063: gcc -o conftest -g -O2   conftest.c  >&5
conftest.c:68:6: warning: conflicting types for built-in function 'strrchr'
configure:4063: $? = 0
configure:4063: result: yes
configure:4063: checking for strstr
configure:4063: gcc -o conftest -g -O2   conftest.c  >&5
conftest.c:69:6: warning: conflicting types for built-in function 'strstr'
configure:4063: $? = 0
configure:4063: result: yes
configure:4176: creating ./config.status

## ---------------------- ##
## Running config.status. ##
## ---------------------- ##

This file was extended by python-tesseract config.status 0.5, which was
generated by GNU Autoconf 2.67.  Invocation command line was

  CONFIG_FILES    = 
  CONFIG_HEADERS  = 
  CONFIG_LINKS    = 
  CONFIG_COMMANDS = 
  $ ./config.status 

on eli-aomc

config.status:711: creating config.h

## ---------------- ##
## Cache variables. ##
## ---------------- ##

ac_cv_c_compiler_gnu=yes
ac_cv_c_restrict=__restrict
ac_cv_c_uint16_t=yes
ac_cv_c_uint32_t=yes
ac_cv_cxx_compiler_gnu=yes
ac_cv_env_CCC_set=
ac_cv_env_CCC_value=
ac_cv_env_CC_set=
ac_cv_env_CC_value=
ac_cv_env_CFLAGS_set=
ac_cv_env_CFLAGS_value=
ac_cv_env_CPPFLAGS_set=
ac_cv_env_CPPFLAGS_value=
ac_cv_env_CPP_set=
ac_cv_env_CPP_value=
ac_cv_env_CXXFLAGS_set=
ac_cv_env_CXXFLAGS_value=
ac_cv_env_CXX_set=
ac_cv_env_CXX_value=
ac_cv_env_LDFLAGS_set=
ac_cv_env_LDFLAGS_value=
ac_cv_env_LIBS_set=
ac_cv_env_LIBS_value=
ac_cv_env_build_alias_set=
ac_cv_env_build_alias_value=
ac_cv_env_host_alias_set=
ac_cv_env_host_alias_value=
ac_cv_env_target_alias_set=
ac_cv_env_target_alias_value=
ac_cv_func_floor=no
ac_cv_func_malloc_0_nonnull=yes
ac_cv_func_memset=yes
ac_cv_func_setlocale=yes
ac_cv_func_strdup=yes
ac_cv_func_strrchr=yes
ac_cv_func_strstr=yes
ac_cv_header_arpa_inet_h=yes
ac_cv_header_fcntl_h=yes
ac_cv_header_float_h=yes
ac_cv_header_inttypes_h=yes
ac_cv_header_libintl_h=yes
ac_cv_header_limits_h=yes
ac_cv_header_locale_h=yes
ac_cv_header_memory_h=yes
ac_cv_header_netdb_h=yes
ac_cv_header_netinet_in_h=yes
ac_cv_header_stdbool_h=yes
ac_cv_header_stdc=yes
ac_cv_header_stdint_h=yes
ac_cv_header_stdlib_h=yes
ac_cv_header_string_h=yes
ac_cv_header_strings_h=yes
ac_cv_header_sys_socket_h=yes
ac_cv_header_sys_stat_h=yes
ac_cv_header_sys_time_h=yes
ac_cv_header_sys_types_h=yes
ac_cv_header_syslog_h=yes
ac_cv_header_unistd_h=yes
ac_cv_lib_error_at_line=yes
ac_cv_objext=o
ac_cv_path_EGREP='/bin/grep -E'
ac_cv_path_GREP=/bin/grep
ac_cv_prog_CPP='gcc -E'
ac_cv_prog_ac_ct_CC=gcc
ac_cv_prog_ac_ct_CXX=g++
ac_cv_prog_cc_c89=
ac_cv_prog_cc_g=yes
ac_cv_prog_cxx_g=yes
ac_cv_type__Bool=yes
ac_cv_type_size_t=yes

## ----------------- ##
## Output variables. ##
## ----------------- ##

ARCH='x64'
CC='gcc'
CFLAGS='-g -O2'
CPP='gcc -E'
CPPFLAGS=''
CXX='g++'
CXXFLAGS='-g -O2'
DEFS='-DHAVE_CONFIG_H'
ECHO_C=''
ECHO_N='-n'
ECHO_T=''
EGREP='/bin/grep -E'
EXEEXT=''
GREP='/bin/grep'
LDFLAGS=''
LIBOBJS=''
LIBS=''
LTLIBOBJS=''
OBJEXT='o'
OSNAME='__linux__'
PACKAGE_BUGREPORT='freetogo@gmail.com'
PACKAGE_NAME='python-tesseract'
PACKAGE_STRING='python-tesseract 0.5'
PACKAGE_TARNAME='python-tesseract'
PACKAGE_URL=''
PACKAGE_VERSION='0.5'
PATH_SEPARATOR=':'
SHELL='/bin/bash'
ac_ct_CC='gcc'
ac_ct_CXX='g++'
bindir='${exec_prefix}/bin'
build_alias=''
datadir='${datarootdir}'
datarootdir='${prefix}/share'
docdir='${datarootdir}/doc/${PACKAGE_TARNAME}'
dvidir='${docdir}'
exec_prefix='${prefix}'
host_alias=''
htmldir='${docdir}'
includedir='${prefix}/include'
infodir='${datarootdir}/info'
libdir='${exec_prefix}/lib'
libexecdir='${exec_prefix}/libexec'
localedir='${datarootdir}/locale'
localstatedir='${prefix}/var'
mandir='${datarootdir}/man'
oldincludedir='/usr/include'
pdfdir='${docdir}'
prefix='/usr/local'
program_transform_name='s,x,x,'
psdir='${docdir}'
sbindir='${exec_prefix}/sbin'
sharedstatedir='${prefix}/com'
sysconfdir='${prefix}/etc'
target_alias=''

## ----------- ##
## confdefs.h. ##
## ----------- ##

/* confdefs.h */
#define PACKAGE_NAME "python-tesseract"
#define PACKAGE_TARNAME "python-tesseract"
#define PACKAGE_VERSION "0.5"
#define PACKAGE_STRING "python-tesseract 0.5"
#define PACKAGE_BUGREPORT "freetogo@gmail.com"
#define PACKAGE_URL ""
#define OSNAME 1
#define X64 1
#define STDC_HEADERS 1
#define HAVE_SYS_TYPES_H 1
#define HAVE_SYS_STAT_H 1
#define HAVE_STDLIB_H 1
#define HAVE_STRING_H 1
#define HAVE_MEMORY_H 1
#define HAVE_STRINGS_H 1
#define HAVE_INTTYPES_H 1
#define HAVE_STDINT_H 1
#define HAVE_UNISTD_H 1
#define HAVE_ARPA_INET_H 1
#define HAVE_FCNTL_H 1
#define HAVE_FLOAT_H 1
#define HAVE_INTTYPES_H 1
#define HAVE_LIBINTL_H 1
#define HAVE_LIMITS_H 1
#define HAVE_LOCALE_H 1
#define HAVE_NETDB_H 1
#define HAVE_NETINET_IN_H 1
#define HAVE_STDINT_H 1
#define HAVE_STDLIB_H 1
#define HAVE_STRING_H 1
#define HAVE_SYS_SOCKET_H 1
#define HAVE_SYS_TIME_H 1
#define HAVE_SYSLOG_H 1
#define HAVE_UNISTD_H 1
#define HAVE__BOOL 1
#define HAVE_STDBOOL_H 1
#define restrict __restrict
#define HAVE_STDLIB_H 1
#define HAVE_MALLOC 1
#define HAVE_MEMSET 1
#define HAVE_SETLOCALE 1
#define HAVE_STRDUP 1
#define HAVE_STRRCHR 1
#define HAVE_STRSTR 1

configure: exit 0
